mem_allocator initialized!
SILO_PRIO       HAS_PRIO_RATIO=0.60
THREAD_CNT=4, ZIPF=0.90
workload initialized!
Query Queue Init Time 6.379403
query_queue initialized!
WARMUP start!
[thd-3 txn-3]   locked 0x7f902bc62840 
[thd-3 txn-3]   locked 0x7f902bc6ad00 
[thd-3 txn-3]   locked 0x7f902bcde1c0 
[thd-3 txn-3]   locked 0x7f902bfa57c0 
[thd-3 txn-3]   locked 0x7f9026d5fdc0 
[thd-3 txn-3]   locked 0x7f900772b200 
[thd-3 txn-3]   locked 0x7f8fc1a7f7c0 
[thd-3 txn-3] unlocked 0x7f902bc62840 because committed 
[thd-3 txn-3] unlocked 0x7f902bc6ad00 because committed 
[thd-3 txn-3] unlocked 0x7f902bcde1c0 because committed 
[thd-3 txn-3] unlocked 0x7f902bfa57c0 because committed 
[thd-3 txn-3] unlocked 0x7f9026d5fdc0 because committed 
[thd-3 txn-3] unlocked 0x7f900772b200 because committed 
[thd-3 txn-3] unlocked 0x7f8fc1a7f7c0 because committed 
[thd-3 txn-7]   locked 0x7f9027e75c40 
[thd-3 txn-7]   locked 0x7f9027fdc8c0 
[thd-3 txn-7]   locked 0x7f8ff9e341c0 
[thd-3 txn-7]   locked 0x7f8f63635180 
[thd-1 txn-1]   locked 0x7f902bc628c0 
[thd-1 txn-1]   locked 0x7f902bc7a4c0 
[thd-1 txn-1]   locked 0x7f902bd01440 
[thd-0 txn-0]   locked 0x7f902bc62840 
[thd-0 txn-0]   locked 0x7f902bc65680 
[thd-0 txn-0]   locked 0x7f902bc65e80 
[thd-0 txn-0]   locked 0x7f902bc6a080 
[thd-0 txn-0]   locked 0x7f902bc7af40 
[thd-0 txn-0]   locked 0x7f902bd41d80 
[thd-0 txn-0]   locked 0x7f902bd56f40 
[thd-0 txn-0]   locked 0x7f902bdab940 
[thd-0 txn-0]   locked 0x7f902be916c0 
[thd-0 txn-0]   locked 0x7f901ce18140 
[thd-0 txn-0]   locked 0x7f8ffd5dcd00 
[thd-0 txn-0]   locked 0x7f8ff95b6840 
[thd-0 txn-0]   locked 0x7f8ff30e1a40 
[thd-0 txn-0] unlocked 0x7f902bc62840 because committed 
[thd-0 txn-0] unlocked 0x7f902bc65680 because committed 
[thd-0 txn-0] unlocked 0x7f902bc65e80 because committed 
[thd-0 txn-0] unlocked 0x7f902bc6a080 because committed 
[thd-0 txn-0] unlocked 0x7f902bc7af40 because committed 
[thd-0 txn-0] unlocked 0x7f902bd41d80 because committed 
[thd-0 txn-0] unlocked 0x7f902bd56f40 because committed 
[thd-0 txn-0] unlocked 0x7f902bdab940 because committed 
[thd-0 txn-0] unlocked 0x7f902be916c0 because committed 
[thd-0 txn-0] unlocked 0x7f901ce18140 because committed 
[thd-0 txn-0] unlocked 0x7f8ffd5dcd00 because committed 
[thd-0 txn-0] unlocked 0x7f8ff95b6840 because committed 
[thd-0 txn-0] unlocked 0x7f8ff30e1a40 because committed 
[thd-1 txn-1]   locked 0x7f902bd37680 
[thd-1 txn-1]   locked 0x7f9028edcec0 
[thd-1 txn-1]   locked 0x7f9024e0d0c0 
[thd-1 txn-1]   locked 0x7f9024ed1800 
[thd-1 txn-1]   locked 0x7f8fa1c92c40 
[thd-1 txn-1]   locked 0x7f8f9f087300 
[thd-1 txn-1]   locked 0x7f8fec983e00 
[thd-1 txn-1]   locked 0x7f8fab10c240 
[thd-1 txn-1] unlocked 0x7f902bc628c0 because committed 
[thd-1 txn-1] unlocked 0x7f902bc7a4c0 because committed 
[thd-1 txn-1] unlocked 0x7f902bd01440 because committed 
[thd-1 txn-1] unlocked 0x7f902bd37680 because committed 
[thd-1 txn-1] unlocked 0x7f9028edcec0 because committed 
[thd-1 txn-1] unlocked 0x7f9024e0d0c0 because committed 
[thd-1 txn-1] unlocked 0x7f9024ed1800 because committed 
[thd-1 txn-1] unlocked 0x7f8fa1c92c40 because committed 
[thd-1 txn-1] unlocked 0x7f8f9f087300 because committed 
[thd-1 txn-1] unlocked 0x7f8fec983e00 because committed 
[thd-1 txn-1] unlocked 0x7f8fab10c240 because committed 
[thd-2 txn-2]   locked 0x7f902bc62cc0 
[thd-2 txn-2]   locked 0x7f902bd0a380 
[thd-2 txn-2]   locked 0x7f9029114500 
[thd-2 txn-2]   locked 0x7f9028d5ba40 
[thd-2 txn-2]   locked 0x7f9022d31a80 
[thd-2 txn-2]   locked 0x7f9019d6aa40 
[thd-2 txn-2]   locked 0x7f900c748cc0 
[thd-2 txn-2] unlocked 0x7f902bc62cc0 because committed 
[thd-2 txn-2] unlocked 0x7f902bd0a380 because committed 
[thd-2 txn-2] unlocked 0x7f9029114500 because committed 
[thd-2 txn-2] unlocked 0x7f9028d5ba40 because committed 
[thd-2 txn-2] unlocked 0x7f9022d31a80 because committed 
[thd-2 txn-2] unlocked 0x7f9019d6aa40 because committed 
[thd-2 txn-2] unlocked 0x7f900c748cc0 because committed 
[thd-3 txn-7]   locked 0x7f8f6c684e00 
[thd-3 txn-7] unlocked 0x7f9027e75c40 because validation failed 
[thd-3 txn-7] unlocked 0x7f9027fdc8c0 because validation failed 
[thd-3 txn-7] unlocked 0x7f8ff9e341c0 because validation failed 
[thd-3 txn-7] unlocked 0x7f8f63635180 because validation failed 
[thd-3 txn-7] unlocked 0x7f8f6c684e00 because validation failed 
[thd-0 txn-4]   locked 0x7f902bcac840 
[thd-0 txn-4]   locked 0x7f902bcbb240 
[thd-0 txn-4]   locked 0x7f902bd3cd00 
[thd-0 txn-4]   locked 0x7f902bea5bc0 
[thd-0 txn-4]   locked 0x7f902bef1940 
[thd-0 txn-4]   locked 0x7f9027c58c40 
[thd-0 txn-4]   locked 0x7f9020f24400 
[thd-0 txn-4]   locked 0x7f900d7fecc0 
[thd-0 txn-4]   locked 0x7f8ffc5790c0 
[thd-0 txn-4]   locked 0x7f8fd17d8ec0 
[thd-0 txn-4]   locked 0x7f8fbf13fe00 
[thd-0 txn-4]   locked 0x7f8fae475240 
[thd-0 txn-4] unlocked 0x7f902bcac840 because committed 
[thd-0 txn-4] unlocked 0x7f902bcbb240 because committed 
[thd-0 txn-4] unlocked 0x7f902bd3cd00 because committed 
[thd-0 txn-4] unlocked 0x7f902bea5bc0 because committed 
[thd-0 txn-4] unlocked 0x7f902bef1940 because committed 
[thd-0 txn-4] unlocked 0x7f9027c58c40 because committed 
[thd-0 txn-4] unlocked 0x7f9020f24400 because committed 
[thd-2 txn-6]   locked 0x7f902bc7f740 
[thd-2 txn-6]   locked 0x7f902bc983c0 
[thd-2 txn-6]   locked 0x7f902bcac2c0 
[thd-2 txn-6]   locked 0x7f902bcfce40 
[thd-2 txn-6]   locked 0x7f90292c6c40 
[thd-2 txn-6]   locked 0x7f9027cb9b80 
[thd-2 txn-6]   locked 0x7f9025c6d800 
[thd-2 txn-6]   locked 0x7f900d4357c0 
[thd-2 txn-6]   locked 0x7f9005435840 
[thd-2 txn-6]   locked 0x7f9010139380 
[thd-2 txn-6]   locked 0x7f8fec5f4340 
[thd-2 txn-6] unlocked 0x7f902bc7f740 because committed 
[thd-2 txn-6] unlocked 0x7f902bc983c0 because committed 
[thd-2 txn-6] unlocked 0x7f902bcac2c0 because committed 
[thd-2 txn-6] unlocked 0x7f902bcfce40 because committed 
[thd-2 txn-6] unlocked 0x7f90292c6c40 because committed 
[thd-2 txn-6] unlocked 0x7f9027cb9b80 because committed 
[thd-1 txn-5]   locked 0x7f902bc62840 
[thd-1 txn-5]   locked 0x7f902bc628c0 
[thd-1 txn-5]   locked 0x7f9028cd4740 
[thd-1 txn-5] unlocked 0x7f902bc62840 because committed 
[thd-1 txn-5] unlocked 0x7f902bc628c0 because committed 
[thd-1 txn-5] unlocked 0x7f9028cd4740 because committed 
[thd-0 txn-4] unlocked 0x7f900d7fecc0 because committed 
[thd-0 txn-4] unlocked 0x7f8ffc5790c0 because committed 
[thd-0 txn-4] unlocked 0x7f8fd17d8ec0 because committed 
[thd-0 txn-4] unlocked 0x7f8fbf13fe00 because committed 
[thd-0 txn-4] unlocked 0x7f8fae475240 because committed 
[thd-3 txn-11] row 0x7f902bc62840 TID is locked. retry. 
[thd-3 txn-11]   locked 0x7f9027e75c40 
[thd-3 txn-11]   locked 0x7f9027fdc8c0 
[thd-3 txn-11]   locked 0x7f8ff9e341c0 
[thd-3 txn-11]   locked 0x7f8f63635180 
[thd-3 txn-11]   locked 0x7f8f6c684e00 
[thd-3 txn-11] unlocked 0x7f9027e75c40 because committed 
[thd-3 txn-11] unlocked 0x7f9027fdc8c0 because committed 
[thd-3 txn-11] unlocked 0x7f8ff9e341c0 because committed 
[thd-3 txn-11] unlocked 0x7f8f63635180 because committed 
[thd-3 txn-11] unlocked 0x7f8f6c684e00 because committed 
[thd-2 txn-6] unlocked 0x7f9025c6d800 because committed 
[thd-2 txn-6] unlocked 0x7f900d4357c0 because committed 
[thd-2 txn-6] unlocked 0x7f9005435840 because committed 
[thd-2 txn-6] unlocked 0x7f9010139380 because committed 
[thd-2 txn-6] unlocked 0x7f8fec5f4340 because committed 
[thd-3 txn-15]   locked 0x7f902bc62ac0 
[thd-3 txn-15]   locked 0x7f902bc7f6c0 
[thd-3 txn-15]   locked 0x7f902bf0b080 
[thd-3 txn-15]   locked 0x7f9026e26440 
[thd-3 txn-15]   locked 0x7f900763b280 
[thd-3 txn-15]   locked 0x7f8fc3633c40 
[thd-1 txn-9]   locked 0x7f902bc62940 
[thd-1 txn-9]   locked 0x7f902bc65800 
[thd-1 txn-9]   locked 0x7f902bc88500 
[thd-1 txn-9]   locked 0x7f902bdce040 
[thd-1 txn-9]   locked 0x7f902bf9c380 
[thd-1 txn-9]   locked 0x7f9025dca9c0 
[thd-1 txn-9]   locked 0x7f9013781480 
[thd-1 txn-9]   locked 0x7f901062e780 
[thd-1 txn-9]   locked 0x7f8fb8e49b40 
[thd-1 txn-9]   locked 0x7f8fb6c942c0 
[thd-1 txn-9]   locked 0x7f9000b34940 
[thd-1 txn-9] unlocked 0x7f902bc62940 because committed 
[thd-2 txn-10]   locked 0x7f902bc62840 
[thd-2 txn-10]   locked 0x7f902bc62d40 
[thd-2 txn-10]   locked 0x7f902bc65900 
[thd-2 txn-10]   locked 0x7f90292175c0 
[thd-2 txn-10]   locked 0x7f9023ce2640 
[thd-2 txn-10]   locked 0x7f901cc2e040 
[thd-2 txn-10]   locked 0x7f9013415cc0 
[thd-2 txn-10]   locked 0x7f8fe1f13b00 
[thd-2 txn-10]   locked 0x7f8ffd2f1f00 
[thd-2 txn-10] unlocked 0x7f902bc62840 because committed 
[thd-2 txn-10] unlocked 0x7f902bc62d40 because committed 
[thd-2 txn-10] unlocked 0x7f902bc65900 because committed 
[thd-2 txn-10] unlocked 0x7f90292175c0 because committed 
[thd-2 txn-10] unlocked 0x7f9023ce2640 because committed 
[thd-2 txn-10] unlocked 0x7f901cc2e040 because committed 
[thd-2 txn-10] unlocked 0x7f9013415cc0 because committed 
[thd-2 txn-10] unlocked 0x7f8fe1f13b00 because committed 
[thd-2 txn-10] unlocked 0x7f8ffd2f1f00 because committed 
[thd-0 txn-8] fail to lock 0x7f902bc62ac0 
[thd-0 txn-8] fail to lock 0x7f902bc62ac0 
[thd-0 txn-8] fail to lock 0x7f902bc62ac0 
[thd-0 txn-8] fail to lock 0x7f902bc62ac0 
[thd-0 txn-8] fail to lock 0x7f902bc62ac0 
[thd-0 txn-8] fail to lock 0x7f902bc62ac0 
[thd-0 txn-8] fail to lock 0x7f902bc62ac0 
[thd-0 txn-8] fail to lock 0x7f902bc62ac0 
[thd-0 txn-8] fail to lock 0x7f902bc62ac0 
[thd-0 txn-8] fail to lock 0x7f902bc62ac0 
[thd-0 txn-8] fail to lock 0x7f902bc62ac0 
[thd-1 txn-9] unlocked 0x7f902bc65800 because committed 
[thd-1 txn-9] unlocked 0x7f902bc88500 because committed 
[thd-1 txn-9] unlocked 0x7f902bdce040 because committed 
[thd-1 txn-9] unlocked 0x7f902bf9c380 because committed 
[thd-1 txn-9] unlocked 0x7f9025dca9c0 because committed 
[thd-2 txn-14]   locked 0x7f902bc62bc0 
[thd-2 txn-14]   locked 0x7f902bc6ab00 
[thd-2 txn-14]   locked 0x7f901ecde240 
[thd-2 txn-14]   locked 0x7f9016c71bc0 
[thd-2 txn-14]   locked 0x7f9014cfc640 
[thd-2 txn-14]   locked 0x7f8f715b4e40 
[thd-2 txn-14]   locked 0x7f8f9e1b5500 
[thd-2 txn-14] unlocked 0x7f902bc62bc0 because committed 
[thd-2 txn-14] unlocked 0x7f902bc6ab00 because committed 
[thd-2 txn-14] unlocked 0x7f901ecde240 because committed 
[thd-2 txn-14] unlocked 0x7f9016c71bc0 because committed 
[thd-2 txn-14] unlocked 0x7f9014cfc640 because committed 
[thd-2 txn-14] unlocked 0x7f8f715b4e40 because committed 
[thd-2 txn-14] unlocked 0x7f8f9e1b5500 because committed 
[thd-1 txn-9] unlocked 0x7f9013781480 because committed 
[thd-1 txn-9] unlocked 0x7f901062e780 because committed 
[thd-1 txn-9] unlocked 0x7f8fb8e49b40 because committed 
[thd-1 txn-9] unlocked 0x7f8fb6c942c0 because committed 
[thd-1 txn-9] unlocked 0x7f9000b34940 because committed 
[thd-0 txn-8] fail to lock 0x7f902bc62ac0 
[thd-0 txn-8] fail to lock 0x7f902bc62ac0 
[thd-0 txn-8] fail to lock 0x7f902bc62ac0 
[thd-0 txn-8] fail to lock 0x7f902bc62ac0 
[thd-0 txn-8] fail to lock 0x7f902bc62ac0 
[thd-0 txn-8] fail to lock 0x7f902bc62ac0 
[thd-0 txn-8] fail to lock 0x7f902bc62ac0 
[thd-0 txn-8] fail to lock 0x7f902bc62ac0 
[thd-0 txn-8] fail to lock 0x7f902bc62ac0 
[thd-0 txn-8] fail to lock 0x7f902bc62ac0 
[thd-0 txn-8] fail to lock 0x7f902bc62ac0 
[thd-0 txn-8] fail to lock 0x7f902bc62ac0 
[thd-0 txn-8] fail to lock 0x7f902bc62ac0 
[thd-2 txn-18]   locked 0x7f902bc663c0 
[thd-2 txn-18]   locked 0x7f902bc701c0 
[thd-2 txn-18]   locked 0x7f902bcc0f40 
[thd-2 txn-18]   locked 0x7f902bcce280 
[thd-2 txn-18]   locked 0x7f9026c43e00 
[thd-2 txn-18]   locked 0x7f8fe4c28ac0 
[thd-2 txn-18]   locked 0x7f8f85381340 
[thd-1 txn-13]   locked 0x7f902bc65300 
[thd-0 txn-8] fail to lock 0x7f902bc62ac0 
[thd-0 txn-8] fail to lock 0x7f902bc62ac0 
[thd-0 txn-8] fail to lock 0x7f902bc62ac0 
[thd-0 txn-8] fail to lock 0x7f902bc62ac0 
[thd-0 txn-8] fail to lock 0x7f902bc62ac0 
[thd-0 txn-8] fail to lock 0x7f902bc62ac0 
[thd-0 txn-8] fail to lock 0x7f902bc62ac0 
[thd-0 txn-8] fail to lock 0x7f902bc62ac0 
[thd-0 txn-8] fail to lock 0x7f902bc62ac0 
[thd-0 txn-8] fail to lock 0x7f902bc62ac0 
[thd-0 txn-8] fail to lock 0x7f902bc62ac0 
[thd-0 txn-8] fail to lock 0x7f902bc62ac0 
[thd-0 txn-8] fail to lock 0x7f902bc62ac0 
[thd-0 txn-8] fail to lock 0x7f902bc62ac0 
[thd-0 txn-8] fail to lock 0x7f902bc62ac0 
[thd-0 txn-8] fail to lock 0x7f902bc62ac0 
[thd-0 txn-8] fail to lock 0x7f902bc62ac0 
[thd-0 txn-8] fail to lock 0x7f902bc62ac0 
[thd-0 txn-8] fail to lock 0x7f902bc62ac0 
[thd-0 txn-8] fail to lock 0x7f902bc62ac0 
[thd-0 txn-8] fail to lock 0x7f902bc62ac0 
[thd-0 txn-8] fail to lock 0x7f902bc62ac0 
[thd-0 txn-8] fail to lock 0x7f902bc62ac0 
[thd-0 txn-8] fail to lock 0x7f902bc62ac0 
[thd-0 txn-8] fail to lock 0x7f902bc62ac0 
[thd-0 txn-8] fail to lock 0x7f902bc62ac0 
[thd-0 txn-8] fail to lock 0x7f902bc62ac0 
[thd-0 txn-8] fail to lock 0x7f902bc62ac0 
[thd-0 txn-8] fail to lock 0x7f902bc62ac0 
[thd-0 txn-8] fail to lock 0x7f902bc62ac0 
[thd-0 txn-8] fail to lock 0x7f902bc62ac0 
[thd-0 txn-8] fail to lock 0x7f902bc62ac0 
[thd-0 txn-8] fail to lock 0x7f902bc62ac0 
[thd-0 txn-8] fail to lock 0x7f902bc62ac0 
[thd-0 txn-8] fail to lock 0x7f902bc62ac0 
[thd-0 txn-8] fail to lock 0x7f902bc62ac0 
[thd-0 txn-8] fail to lock 0x7f902bc62ac0 
[thd-0 txn-8] fail to lock 0x7f902bc62ac0 
[thd-0 txn-8] fail to lock 0x7f902bc62ac0 
[thd-0 txn-8] fail to lock 0x7f902bc62ac0 
[thd-0 txn-8] fail to lock 0x7f902bc62ac0 
[thd-0 txn-8] fail to lock 0x7f902bc62ac0 
[thd-0 txn-8] fail to lock 0x7f902bc62ac0 
[thd-0 txn-8] fail to lock 0x7f902bc62ac0 
[thd-0 txn-8] fail to lock 0x7f902bc62ac0 
[thd-0 txn-8] fail to lock 0x7f902bc62ac0 
[thd-0 txn-8] fail to lock 0x7f902bc62ac0 
[thd-0 txn-8] fail to lock 0x7f902bc62ac0 
[thd-0 txn-8] fail to lock 0x7f902bc62ac0 
[thd-0 txn-8] fail to lock 0x7f902bc62ac0 
[thd-0 txn-8] fail to lock 0x7f902bc62ac0 
[thd-1 txn-13]   locked 0x7f902bc7e280 
[thd-1 txn-13]   locked 0x7f902bcbb4c0 
[thd-1 txn-13]   locked 0x7f902bdfbec0 
[thd-1 txn-13]   locked 0x7f9025f41140 
[thd-1 txn-13]   locked 0x7f9021ed5ec0 
[thd-1 txn-13]   locked 0x7f901ee6ac80 
[thd-1 txn-13]   locked 0x7f90105d3ec0 
[thd-1 txn-13]   locked 0x7f9010688e00 
[thd-1 txn-13]   locked 0x7f8fe7acfac0 
[thd-1 txn-13] unlocked 0x7f902bc65300 because committed 
[thd-1 txn-13] unlocked 0x7f902bc7e280 because committed 
[thd-1 txn-13] unlocked 0x7f902bcbb4c0 because committed 
[thd-1 txn-13] unlocked 0x7f902bdfbec0 because committed 
[thd-1 txn-13] unlocked 0x7f9025f41140 because committed 
[thd-1 txn-13] unlocked 0x7f9021ed5ec0 because committed 
[thd-1 txn-13] unlocked 0x7f901ee6ac80 because committed 
[thd-1 txn-13] unlocked 0x7f90105d3ec0 because committed 
[thd-1 txn-13] unlocked 0x7f9010688e00 because committed 
[thd-1 txn-13] unlocked 0x7f8fe7acfac0 because committed 
[thd-2 txn-18] unlocked 0x7f902bc663c0 because committed 
[thd-2 txn-18] unlocked 0x7f902bc701c0 because committed 
[thd-2 txn-18] unlocked 0x7f902bcc0f40 because committed 
[thd-2 txn-18] unlocked 0x7f902bcce280 because committed 
[thd-2 txn-18] unlocked 0x7f9026c43e00 because committed 
[thd-2 txn-18] unlocked 0x7f8fe4c28ac0 because committed 
[thd-2 txn-18] unlocked 0x7f8f85381340 because committed 
[thd-0 txn-8] fail to lock 0x7f902bc62ac0 
[thd-0 txn-8] fail to lock 0x7f902bc62ac0 
[thd-0 txn-8] fail to lock 0x7f902bc62ac0 
[thd-0 txn-8] fail to lock 0x7f902bc62ac0 
[thd-0 txn-8] fail to lock 0x7f902bc62ac0 
[thd-0 txn-8] fail to lock 0x7f902bc62ac0 
[thd-0 txn-8] fail to lock 0x7f902bc62ac0 
[thd-0 txn-8] fail to lock 0x7f902bc62ac0 
[thd-0 txn-8] fail to lock 0x7f902bc62ac0 
[thd-0 txn-8] fail to lock 0x7f902bc62ac0 
[thd-0 txn-8] fail to lock 0x7f902bc62ac0 
[thd-0 txn-8] fail to lock 0x7f902bc62ac0 
[thd-0 txn-8] fail to lock 0x7f902bc62ac0 
[thd-0 txn-8] fail to lock 0x7f902bc62ac0 
[thd-1 txn-17]   locked 0x7f902bc62840 
[thd-1 txn-17]   locked 0x7f902bc65100 
[thd-1 txn-17]   locked 0x7f902bc66640 
[thd-1 txn-17]   locked 0x7f902bd5be40 
[thd-1 txn-17]   locked 0x7f902bdf1c40 
[thd-1 txn-17]   locked 0x7f901fd28200 
[thd-1 txn-17]   locked 0x7f900340ee80 
[thd-1 txn-17]   locked 0x7f8fddf4ce40 
[thd-1 txn-17]   locked 0x7f8fc852b500 
[thd-1 txn-17]   locked 0x7f900a94aa00 
[thd-1 txn-17] unlocked 0x7f902bc62840 because committed 
[thd-1 txn-17] unlocked 0x7f902bc65100 because committed 
[thd-1 txn-17] unlocked 0x7f902bc66640 because committed 
[thd-1 txn-17] unlocked 0x7f902bd5be40 because committed 
[thd-1 txn-17] unlocked 0x7f902bdf1c40 because committed 
[thd-1 txn-17] unlocked 0x7f901fd28200 because committed 
[thd-1 txn-17] unlocked 0x7f900340ee80 because committed 
[thd-1 txn-17] unlocked 0x7f8fddf4ce40 because committed 
[thd-1 txn-17] unlocked 0x7f8fc852b500 because committed 
[thd-1 txn-17] unlocked 0x7f900a94aa00 because committed 
[thd-3 txn-15]   locked 0x7f8fbca728c0 
[thd-3 txn-15]   locked 0x7f8f649a7980 
[thd-3 txn-15] unlocked 0x7f902bc62ac0 because committed 
[thd-3 txn-15] unlocked 0x7f902bc7f6c0 because committed 
[thd-2 txn-22]   locked 0x7f902bc62940 
[thd-2 txn-22]   locked 0x7f902bc6f080 
[thd-2 txn-22]   locked 0x7f902bdb0d40 
[thd-2 txn-22]   locked 0x7f902be66380 
[thd-2 txn-22]   locked 0x7f902bfd2dc0 
[thd-2 txn-22]   locked 0x7f9024fdfc80 
[thd-2 txn-22]   locked 0x7f9022ed8340 
[thd-2 txn-22]   locked 0x7f8fd52871c0 
[thd-2 txn-22]   locked 0x7f8f8f7e71c0 
[thd-2 txn-22]   locked 0x7f9024bc5a40 
[thd-2 txn-22] unlocked 0x7f902bc62940 because committed 
[thd-2 txn-22] unlocked 0x7f902bc6f080 because committed 
[thd-2 txn-22] unlocked 0x7f902bdb0d40 because committed 
[thd-2 txn-22] unlocked 0x7f902be66380 because committed 
[thd-2 txn-22] unlocked 0x7f902bfd2dc0 because committed 
[thd-2 txn-22] unlocked 0x7f9024fdfc80 because committed 
[thd-2 txn-22] unlocked 0x7f9022ed8340 because committed 
[thd-2 txn-22] unlocked 0x7f8fd52871c0 because committed 
[thd-2 txn-22] unlocked 0x7f8f8f7e71c0 because committed 
[thd-2 txn-22] unlocked 0x7f9024bc5a40 because committed 
[thd-1 txn-21]   locked 0x7f902bc629c0 
[thd-1 txn-21]   locked 0x7f902bc65900 
[thd-1 txn-21]   locked 0x7f902bc7aa40 
[thd-1 txn-21]   locked 0x7f902bcb1340 
[thd-1 txn-21]   locked 0x7f902bf1f300 
[thd-1 txn-21]   locked 0x7f901ff98f40 
[thd-1 txn-21]   locked 0x7f901bce4140 
[thd-1 txn-21]   locked 0x7f8fdddcbb40 
[thd-1 txn-21]   locked 0x7f8f9557e740 
[thd-1 txn-21] unlocked 0x7f902bc629c0 because committed 
[thd-1 txn-21] unlocked 0x7f902bc65900 because committed 
[thd-1 txn-21] unlocked 0x7f902bc7aa40 because committed 
[thd-1 txn-21] unlocked 0x7f902bcb1340 because committed 
[thd-1 txn-21] unlocked 0x7f902bf1f300 because committed 
[thd-1 txn-21] unlocked 0x7f901ff98f40 because committed 
[thd-1 txn-21] unlocked 0x7f901bce4140 because committed 
[thd-1 txn-21] unlocked 0x7f8fdddcbb40 because committed 
[thd-1 txn-21] unlocked 0x7f8f9557e740 because committed 
[thd-3 txn-15] unlocked 0x7f902bf0b080 because committed 
[thd-3 txn-15] unlocked 0x7f9026e26440 because committed 
[thd-3 txn-15] unlocked 0x7f900763b280 because committed 
[thd-3 txn-15] unlocked 0x7f8fc3633c40 because committed 
[thd-3 txn-15] unlocked 0x7f8fbca728c0 because committed 
[thd-3 txn-15] unlocked 0x7f8f649a7980 because committed 
[thd-0 txn-8] fail to lock 0x7f902bc62ac0 
[thd-2 txn-26]   locked 0x7f902bc6ab80 
[thd-2 txn-26]   locked 0x7f902bd76c00 
[thd-2 txn-26]   locked 0x7f9029220d40 
[thd-2 txn-26]   locked 0x7f901fd772c0 
[thd-2 txn-26]   locked 0x7f901ceec080 
[thd-2 txn-26]   locked 0x7f90075bdac0 
[thd-2 txn-26]   locked 0x7f8fb8f163c0 
[thd-2 txn-26]   locked 0x7f8f714c4940 
[thd-2 txn-26] unlocked 0x7f902bc6ab80 because committed 
[thd-2 txn-26] unlocked 0x7f902bd76c00 because committed 
[thd-2 txn-26] unlocked 0x7f9029220d40 because committed 
[thd-2 txn-26] unlocked 0x7f901fd772c0 because committed 
[thd-2 txn-26] unlocked 0x7f901ceec080 because committed 
[thd-2 txn-26] unlocked 0x7f90075bdac0 because committed 
[thd-2 txn-26] unlocked 0x7f8fb8f163c0 because committed 
[thd-2 txn-26] unlocked 0x7f8f714c4940 because committed 
[thd-0 txn-12]   locked 0x7f902bc62ac0 
[thd-0 txn-12]   locked 0x7f902bc665c0 
[thd-0 txn-12]   locked 0x7f902be11580 
[thd-0 txn-12]   locked 0x7f9023d33240 
[thd-0 txn-12]   locked 0x7f900f50e700 
[thd-0 txn-12]   locked 0x7f8ff1d86100 
[thd-0 txn-12]   locked 0x7f8fcf75b940 
[thd-0 txn-12]   locked 0x7f8f8f706d40 
[thd-0 txn-12] unlocked 0x7f902bc62ac0 because committed 
[thd-0 txn-12] unlocked 0x7f902bc665c0 because committed 
[thd-1 txn-25]   locked 0x7f902bc662c0 
[thd-1 txn-25]   locked 0x7f9027ccdd00 
[thd-1 txn-25]   locked 0x7f9025f15e00 
[thd-1 txn-25]   locked 0x7f9024ca0ec0 
[thd-1 txn-25]   locked 0x7f9018c81340 
[thd-1 txn-25]   locked 0x7f900077e6c0 
[thd-1 txn-25]   locked 0x7f8fe3d15ac0 
[thd-1 txn-25]   locked 0x7f8fe1f3f9c0 
[thd-1 txn-25]   locked 0x7f8f9f75ad80 
[thd-1 txn-25] unlocked 0x7f902bc662c0 because committed 
[thd-3 txn-19]   locked 0x7f902bc62840 
[thd-1 txn-25] unlocked 0x7f9027ccdd00 because committed 
[thd-1 txn-25] unlocked 0x7f9025f15e00 because committed 
[thd-1 txn-25] unlocked 0x7f9024ca0ec0 because committed 
[thd-1 txn-25] unlocked 0x7f9018c81340 because committed 
[thd-1 txn-25] unlocked 0x7f900077e6c0 because committed 
[thd-1 txn-25] unlocked 0x7f8fe3d15ac0 because committed 
[thd-1 txn-25] unlocked 0x7f8fe1f3f9c0 because committed 
[thd-1 txn-25] unlocked 0x7f8f9f75ad80 because committed 
[thd-3 txn-19]   locked 0x7f902bc6ac80 
[thd-3 txn-19]   locked 0x7f902bd69e80 
[thd-3 txn-19]   locked 0x7f901ec35600 
[thd-3 txn-19]   locked 0x7f8fe7242300 
[thd-0 txn-12] unlocked 0x7f902be11580 because committed 
[thd-0 txn-12] unlocked 0x7f9023d33240 because committed 
[thd-0 txn-12] unlocked 0x7f900f50e700 because committed 
[thd-0 txn-12] unlocked 0x7f8ff1d86100 because committed 
[thd-0 txn-12] unlocked 0x7f8fcf75b940 because committed 
[thd-0 txn-12] unlocked 0x7f8f8f706d40 because committed 
[thd-2 txn-30] row 0x7f902bc62840 TID is locked. retry. 
[thd-2 txn-30] row 0x7f902bc62840 TID is locked. retry. 
[thd-2 txn-30] row 0x7f902bc62840 TID is locked. retry. 
[thd-2 txn-30] row 0x7f902bc62840 TID is locked. retry. 
[thd-2 txn-30] row 0x7f902bc62840 TID is locked. retry. 
[thd-2 txn-30] row 0x7f902bc62840 TID is locked. retry. 
[thd-2 txn-30] row 0x7f902bc62840 TID is locked. retry. 
[thd-2 txn-30] row 0x7f902bc62840 TID is locked. retry. 
[thd-2 txn-30] row 0x7f902bc62840 TID is locked. retry. 
[thd-2 txn-30] row 0x7f902bc62840 TID is locked. retry. 
[thd-2 txn-30] row 0x7f902bc62840 TID is locked. retry. 
[thd-2 txn-30] row 0x7f902bc62840 TID is locked. retry. 
[thd-2 txn-30] row 0x7f902bc62840 TID is locked. retry. 
[thd-2 txn-30] row 0x7f902bc62840 TID is locked. retry. 
[thd-2 txn-30] row 0x7f902bc62840 TID is locked. retry. 
[thd-2 txn-30] row 0x7f902bc62840 TID is locked. retry. 
[thd-2 txn-30] row 0x7f902bc62840 TID is locked. retry. 
[thd-2 txn-30] row 0x7f902bc62840 TID is locked. retry. 
[thd-2 txn-30] row 0x7f902bc62840 TID is locked. retry. 
[thd-1 txn-29]   locked 0x7f902bc628c0 
[thd-1 txn-29]   locked 0x7f9027fa5e40 
[thd-0 txn-16]   locked 0x7f902bc65800 
[thd-0 txn-16]   locked 0x7f902bc97600 
[thd-0 txn-16]   locked 0x7f902bcd3100 
[thd-0 txn-16]   locked 0x7f9029074300 
[thd-0 txn-16]   locked 0x7f9024d50380 
[thd-0 txn-16]   locked 0x7f9023e15480 
[thd-0 txn-16]   locked 0x7f9016cf87c0 
[thd-0 txn-16] unlocked 0x7f902bc65800 because committed 
[thd-0 txn-16] unlocked 0x7f902bc97600 because committed 
[thd-0 txn-16] unlocked 0x7f902bcd3100 because committed 
[thd-0 txn-16] unlocked 0x7f9029074300 because committed 
[thd-0 txn-16] unlocked 0x7f9024d50380 because committed 
[thd-0 txn-16] unlocked 0x7f9023e15480 because committed 
[thd-0 txn-16] unlocked 0x7f9016cf87c0 because committed 
[thd-1 txn-29]   locked 0x7f9024c73540 
[thd-0 txn-20] row 0x7f902bc628c0 TID is locked. retry. 
[thd-0 txn-20] row 0x7f902bc628c0 TID is locked. retry. 
[thd-0 txn-20] row 0x7f902bc628c0 TID is locked. retry. 
[thd-0 txn-20] row 0x7f902bc628c0 TID is locked. retry. 
[thd-0 txn-20] row 0x7f902bc628c0 TID is locked. retry. 
[thd-0 txn-20] row 0x7f902bc628c0 TID is locked. retry. 
[thd-0 txn-20] row 0x7f902bc628c0 TID is locked. retry. 
[thd-0 txn-20] row 0x7f902bc628c0 TID is locked. retry. 
[thd-0 txn-20] row 0x7f902bc628c0 TID is locked. retry. 
[thd-0 txn-20] row 0x7f902bc628c0 TID is locked. retry. 
[thd-0 txn-20] row 0x7f902bc628c0 TID is locked. retry. 
[thd-0 txn-20] row 0x7f902bc628c0 TID is locked. retry. 
[thd-0 txn-20] row 0x7f902bc628c0 TID is locked. retry. 
[thd-0 txn-20] row 0x7f902bc628c0 TID is locked. retry. 
[thd-0 txn-20] row 0x7f902bc628c0 TID is locked. retry. 
[thd-1 txn-29]   locked 0x7f8fcd6aa3c0 
[thd-1 txn-29] unlocked 0x7f902bc628c0 because committed 
[thd-1 txn-29] unlocked 0x7f9027fa5e40 because committed 
[thd-1 txn-29] unlocked 0x7f9024c73540 because committed 
[thd-1 txn-29] unlocked 0x7f8fcd6aa3c0 because committed 
[thd-0 txn-20] row 0x7f902bc628c0 TID is locked. retry. 
[thd-3 txn-19]   locked 0x7f8f6ac7bb80 
[thd-3 txn-19] unlocked 0x7f902bc62840 because committed 
[thd-3 txn-19] unlocked 0x7f902bc6ac80 because committed 
[thd-3 txn-19] unlocked 0x7f902bd69e80 because committed 
[thd-3 txn-19] unlocked 0x7f901ec35600 because committed 
[thd-3 txn-19] unlocked 0x7f8fe7242300 because committed 
[thd-3 txn-19] unlocked 0x7f8f6ac7bb80 because committed 
[thd-2 txn-30] row 0x7f902bc62840 TID is locked. retry. 
[thd-3 txn-23]   locked 0x7f902bc62ac0 
[thd-3 txn-23]   locked 0x7f902bc62cc0 
[thd-3 txn-23]   locked 0x7f902bcbbe40 
[thd-3 txn-23]   locked 0x7f902bcc9e80 
[thd-3 txn-23]   locked 0x7f902bd8dd40 
[thd-3 txn-23]   locked 0x7f902be89e80 
[thd-3 txn-23]   locked 0x7f9025f785c0 
[thd-3 txn-23]   locked 0x7f8fcb7b4f80 
[thd-3 txn-23]   locked 0x7f8fe84bc640 
[thd-3 txn-23]   locked 0x7f90186a2e40 
[thd-3 txn-23] unlocked 0x7f902bc62ac0 because committed 
[thd-3 txn-23] unlocked 0x7f902bc62cc0 because committed 
[thd-3 txn-23] unlocked 0x7f902bcbbe40 because committed 
[thd-3 txn-23] unlocked 0x7f902bcc9e80 because committed 
[thd-3 txn-23] unlocked 0x7f902bd8dd40 because committed 
[thd-3 txn-23] unlocked 0x7f902be89e80 because committed 
[thd-3 txn-23] unlocked 0x7f9025f785c0 because committed 
[thd-1 txn-33]   locked 0x7f902bc62840 
[thd-1 txn-33]   locked 0x7f902bc706c0 
[thd-1 txn-33]   locked 0x7f902bc74c00 
[thd-1 txn-33]   locked 0x7f9025d51ec0 
[thd-1 txn-33]   locked 0x7f901fd4b880 
[thd-1 txn-33]   locked 0x7f9014c85a00 
[thd-1 txn-33] unlocked 0x7f902bc62840 because committed 
[thd-1 txn-33] unlocked 0x7f902bc706c0 because committed 
[thd-1 txn-33] unlocked 0x7f902bc74c00 because committed 
[thd-1 txn-33] unlocked 0x7f9025d51ec0 because committed 
[thd-1 txn-33] unlocked 0x7f901fd4b880 because committed 
[thd-1 txn-33] unlocked 0x7f9014c85a00 because committed 
[thd-2 txn-30]   locked 0x7f902bc62f40 
[thd-2 txn-30]   locked 0x7f902bd8d140 
[thd-2 txn-30]   locked 0x7f902bdf1740 
[thd-2 txn-30]   locked 0x7f902939e800 
[thd-2 txn-30]   locked 0x7f9009731300 
[thd-2 txn-30]   locked 0x7f8fe2f57a80 
[thd-2 txn-30] unlocked 0x7f902bc62f40 because validation failed 
[thd-2 txn-30] unlocked 0x7f902bd8d140 because validation failed 
[thd-2 txn-30] unlocked 0x7f902bdf1740 because validation failed 
[thd-2 txn-30] unlocked 0x7f902939e800 because validation failed 
[thd-2 txn-30] unlocked 0x7f9009731300 because validation failed 
[thd-2 txn-30] unlocked 0x7f8fe2f57a80 because validation failed 
[thd-3 txn-23] unlocked 0x7f8fcb7b4f80 because committed 
[thd-3 txn-23] unlocked 0x7f8fe84bc640 because committed 
[thd-3 txn-23] unlocked 0x7f90186a2e40 because committed 
[thd-0 txn-20] row 0x7f902bc62840 TID is locked. retry. 
[thd-0 txn-20]   locked 0x7f902bc62840 
[thd-0 txn-20]   locked 0x7f902bc62dc0 
[thd-1 txn-37] row 0x7f902bc62840 TID is locked. retry. 
[thd-1 txn-37] row 0x7f902bc62840 TID is locked. retry. 
[thd-2 txn-34] row 0x7f902bc62840 TID is locked. retry. 
[thd-2 txn-34] row 0x7f902bc62840 TID is locked. retry. 
[thd-2 txn-34] row 0x7f902bc62840 TID is locked. retry. 
[thd-2 txn-34] row 0x7f902bc62840 TID is locked. retry. 
[thd-2 txn-34] row 0x7f902bc62840 TID is locked. retry. 
[thd-2 txn-34] row 0x7f902bc62840 TID is locked. retry. 
[thd-2 txn-34] row 0x7f902bc62840 TID is locked. retry. 
[thd-2 txn-34] row 0x7f902bc62840 TID is locked. retry. 
[thd-2 txn-34] row 0x7f902bc62840 TID is locked. retry. 
[thd-2 txn-34] row 0x7f902bc62840 TID is locked. retry. 
[thd-2 txn-34] row 0x7f902bc62840 TID is locked. retry. 
[thd-2 txn-34] row 0x7f902bc62840 TID is locked. retry. 
[thd-2 txn-34] row 0x7f902bc62840 TID is locked. retry. 
[thd-2 txn-34] row 0x7f902bc62840 TID is locked. retry. 
[thd-2 txn-34] row 0x7f902bc62840 TID is locked. retry. 
[thd-2 txn-34] row 0x7f902bc62840 TID is locked. retry. 
[thd-2 txn-34] row 0x7f902bc62840 TID is locked. retry. 
[thd-2 txn-34] row 0x7f902bc62840 TID is locked. retry. 
[thd-2 txn-34] row 0x7f902bc62840 TID is locked. retry. 
[thd-2 txn-34] row 0x7f902bc62840 TID is locked. retry. 
[thd-2 txn-34] row 0x7f902bc62840 TID is locked. retry. 
[thd-2 txn-34] row 0x7f902bc62840 TID is locked. retry. 
[thd-2 txn-34] row 0x7f902bc62840 TID is locked. retry. 
[thd-2 txn-34] row 0x7f902bc62840 TID is locked. retry. 
[thd-2 txn-34] row 0x7f902bc62840 TID is locked. retry. 
[thd-2 txn-34] row 0x7f902bc62840 TID is locked. retry. 
[thd-2 txn-34] row 0x7f902bc62840 TID is locked. retry. 
[thd-2 txn-34] row 0x7f902bc62840 TID is locked. retry. 
[thd-2 txn-34] row 0x7f902bc62840 TID is locked. retry. 
[thd-2 txn-34] row 0x7f902bc62840 TID is locked. retry. 
[thd-2 txn-34] row 0x7f902bc62840 TID is locked. retry. 
[thd-2 txn-34] row 0x7f902bc62840 TID is locked. retry. 
[thd-2 txn-34] row 0x7f902bc62840 TID is locked. retry. 
[thd-2 txn-34] row 0x7f902bc62840 TID is locked. retry. 
[thd-2 txn-34] row 0x7f902bc62840 TID is locked. retry. 
[thd-2 txn-34] row 0x7f902bc62840 TID is locked. retry. 
[thd-2 txn-34] row 0x7f902bc62840 TID is locked. retry. 
[thd-2 txn-34] row 0x7f902bc62840 TID is locked. retry. 
[thd-2 txn-34] row 0x7f902bc62840 TID is locked. retry. 
[thd-2 txn-34] row 0x7f902bc62840 TID is locked. retry. 
[thd-2 txn-34] row 0x7f902bc62840 TID is locked. retry. 
[thd-2 txn-34] row 0x7f902bc62840 TID is locked. retry. 
[thd-2 txn-34] row 0x7f902bc62840 TID is locked. retry. 
[thd-2 txn-34] row 0x7f902bc62840 TID is locked. retry. 
[thd-2 txn-34] row 0x7f902bc62840 TID is locked. retry. 
[thd-2 txn-34] row 0x7f902bc62840 TID is locked. retry. 
[thd-2 txn-34] row 0x7f902bc62840 TID is locked. retry. 
[thd-2 txn-34] row 0x7f902bc62840 TID is locked. retry. 
[thd-2 txn-34] row 0x7f902bc62840 TID is locked. retry. 
[thd-2 txn-34] row 0x7f902bc62840 TID is locked. retry. 
[thd-2 txn-34] row 0x7f902bc62840 TID is locked. retry. 
[thd-2 txn-34] row 0x7f902bc62840 TID is locked. retry. 
[thd-2 txn-34] row 0x7f902bc62840 TID is locked. retry. 
[thd-2 txn-34] row 0x7f902bc62840 TID is locked. retry. 
[thd-2 txn-34] row 0x7f902bc62840 TID is locked. retry. 
[thd-2 txn-34] row 0x7f902bc62840 TID is locked. retry. 
[thd-0 txn-20]   locked 0x7f902bce8640 
[thd-0 txn-20]   locked 0x7f902be48300 
[thd-0 txn-20]   locked 0x7f90292b29c0 
[thd-0 txn-20]   locked 0x7f9021d31dc0 
[thd-0 txn-20]   locked 0x7f90044c4fc0 
[thd-0 txn-20]   locked 0x7f8fe0e25900 
[thd-0 txn-20]   locked 0x7f8fecad3a80 
[thd-0 txn-20] unlocked 0x7f902bc62840 because committed 
[thd-0 txn-20] unlocked 0x7f902bc62dc0 because committed 
[thd-0 txn-20] unlocked 0x7f902bce8640 because committed 
[thd-0 txn-20] unlocked 0x7f902be48300 because committed 
[thd-0 txn-20] unlocked 0x7f90292b29c0 because committed 
[thd-0 txn-20] unlocked 0x7f9021d31dc0 because committed 
[thd-0 txn-20] unlocked 0x7f90044c4fc0 because committed 
[thd-0 txn-20] unlocked 0x7f8fe0e25900 because committed 
[thd-0 txn-20] unlocked 0x7f8fecad3a80 because committed 
[thd-1 txn-37] row 0x7f902bc62840 TID is locked. retry. 
[thd-3 txn-27]   locked 0x7f902bc62940 
[thd-3 txn-27]   locked 0x7f902bc66cc0 
[thd-3 txn-27]   locked 0x7f902bc7e380 
[thd-3 txn-27]   locked 0x7f902bcce780 
[thd-3 txn-27]   locked 0x7f902bd26ec0 
[thd-3 txn-27]   locked 0x7f9026f5d5c0 
[thd-3 txn-27]   locked 0x7f8fcd56c180 
[thd-3 txn-27]   locked 0x7f8fa5da6740 
[thd-3 txn-27]   locked 0x7f8f809d6200 
[thd-3 txn-27]   locked 0x7f8f809d6200 
[thd-3 txn-27]   locked 0x7f8ffff04340 
[thd-3 txn-27]   locked 0x7f8fec764f80 
[thd-3 txn-27]   locked 0x7f8f6d7cd7c0 
[thd-3 txn-27] unlocked 0x7f902bc62940 because committed 
[thd-3 txn-27] unlocked 0x7f902bc66cc0 because committed 
[thd-3 txn-27] unlocked 0x7f902bc7e380 because committed 
[thd-3 txn-27] unlocked 0x7f902bcce780 because committed 
[thd-3 txn-27] unlocked 0x7f902bd26ec0 because committed 
[thd-3 txn-27] unlocked 0x7f902bd26ec0 because committed 