[thd-1 txn-5] row 0x7f3436c62840 TID is locked. retry. 
              TID: latch-1 prio_ver-1, prio- 0, ref_cnt-1, data_ver-1
[thd-0 txn-8]   locked 0x7f3436c62ac0 
[thd-2 txn-6]   locked 0x7f33f7df4340 
[thd-3 txn-7]   locked 0x7f3431d5fdc0 
[thd-1 txn-5] row 0x7f3436c62840 TID is locked. retry. 
              TID: latch-1 prio_ver-1, prio- 0, ref_cnt-1, data_ver-1
[thd-1 txn-5] row 0x7f3436c62840 TID is locked. retry. 
              TID: latch-1 prio_ver-1, prio- 0, ref_cnt-1, data_ver-1
[thd-1 txn-5] row 0x7f3436c62840 TID is locked. retry. 
              TID: latch-1 prio_ver-1, prio- 0, ref_cnt-1, data_ver-1
[thd-1 txn-5] row 0x7f3436c62840 TID is locked. retry. 
              TID: latch-1 prio_ver-1, prio- 0, ref_cnt-1, data_ver-1
[thd-1 txn-5] row 0x7f3436c62840 TID is locked. retry. 
              TID: latch-1 prio_ver-1, prio- 0, ref_cnt-1, data_ver-1
[thd-1 txn-5] row 0x7f3436c62840 TID is locked. retry. 
              TID: latch-1 prio_ver-1, prio- 0, ref_cnt-1, data_ver-1
[thd-1 txn-5] row 0x7f3436c62840 TID is locked. retry. 
              TID: latch-1 prio_ver-1, prio- 0, ref_cnt-1, data_ver-1
[thd-1 txn-5] row 0x7f3436c62840 TID is locked. retry. 
              TID: latch-1 prio_ver-1, prio- 0, ref_cnt-1, data_ver-1
[thd-1 txn-5] row 0x7f3436c62840 TID is locked. retry. 
              TID: latch-1 prio_ver-1, prio- 0, ref_cnt-1, data_ver-1
[thd-1 txn-5] row 0x7f3436c62840 TID is locked. retry. 
              TID: latch-1 prio_ver-1, prio- 0, ref_cnt-1, data_ver-1
[thd-1 txn-5] row 0x7f3436c62840 TID is locked. retry. 
              TID: latch-1 prio_ver-1, prio- 0, ref_cnt-1, data_ver-1
[thd-1 txn-5] row 0x7f3436c62840 TID is locked. retry. 
              TID: latch-1 prio_ver-1, prio- 0, ref_cnt-1, data_ver-1
[thd-1 txn-5] row 0x7f3436c62840 TID is locked. retry. 
              TID: latch-1 prio_ver-1, prio- 0, ref_cnt-1, data_ver-1
[thd-1 txn-5] row 0x7f3436c62840 TID is locked. retry. 
              TID: latch-1 prio_ver-1, prio- 0, ref_cnt-1, data_ver-1
[thd-1 txn-5] row 0x7f3436c62840 TID is locked. retry. 
              TID: latch-1 prio_ver-1, prio- 0, ref_cnt-1, data_ver-1
[thd-1 txn-5] row 0x7f3436c62840 TID is locked. retry. 
              TID: latch-1 prio_ver-1, prio- 0, ref_cnt-1, data_ver-1
[thd-1 txn-5] row 0x7f3436c62840 TID is locked. retry. 
              TID: latch-1 prio_ver-1, prio- 0, ref_cnt-1, data_ver-1
[thd-1 txn-5] row 0x7f3436c62840 TID is locked. retry. 
              TID: latch-1 prio_ver-1, prio- 0, ref_cnt-1, data_ver-1
[thd-1 txn-5] row 0x7f3436c62840 TID is locked. retry. 
              TID: latch-1 prio_ver-1, prio- 0, ref_cnt-1, data_ver-1
[thd-1 txn-5] row 0x7f3436c62840 TID is locked. retry. 
              TID: latch-1 prio_ver-1, prio- 0, ref_cnt-1, data_ver-1
[thd-1 txn-5] row 0x7f3436c62840 TID is locked. retry. 
              TID: latch-1 prio_ver-1, prio- 0, ref_cnt-1, data_ver-1
[thd-1 txn-5] row 0x7f3436c62840 TID is locked. retry. 
              TID: latch-1 prio_ver-1, prio- 0, ref_cnt-1, data_ver-1
[thd-1 txn-5] row 0x7f3436c62840 TID is locked. retry. 
              TID: latch-1 prio_ver-1, prio- 0, ref_cnt-1, data_ver-1
[thd-1 txn-5] row 0x7f3436c62840 TID is locked. retry. 
              TID: latch-1 prio_ver-1, prio- 0, ref_cnt-1, data_ver-1
[thd-1 txn-5] row 0x7f3436c62840 TID is locked. retry. 
              TID: latch-1 prio_ver-1, prio- 0, ref_cnt-1, data_ver-1
[thd-1 txn-5] row 0x7f3436c62840 TID is locked. retry. 
              TID: latch-1 prio_ver-1, prio- 0, ref_cnt-1, data_ver-1
[thd-1 txn-5] row 0x7f3436c62840 TID is locked. retry. 
              TID: latch-1 prio_ver-1, prio- 0, ref_cnt-1, data_ver-1
[thd-1 txn-5] row 0x7f3436c62840 TID is locked. retry. 
              TID: latch-1 prio_ver-1, prio- 0, ref_cnt-1, data_ver-1
[thd-1 txn-5] row 0x7f3436c62840 TID is locked. retry. 
              TID: latch-1 prio_ver-1, prio- 0, ref_cnt-1, data_ver-1
[thd-1 txn-5] row 0x7f3436c62840 TID is locked. retry. 
              TID: latch-1 prio_ver-1, prio- 0, ref_cnt-1, data_ver-1
[thd-1 txn-5] row 0x7f3436c62840 TID is locked. retry. 
              TID: latch-1 prio_ver-1, prio- 0, ref_cnt-1, data_ver-1
[thd-1 txn-5] row 0x7f3436c62840 TID is locked. retry. 
              TID: latch-1 prio_ver-1, prio- 0, ref_cnt-1, data_ver-1
[thd-1 txn-5] row 0x7f3436c62840 TID is locked. retry. 
              TID: latch-1 prio_ver-1, prio- 0, ref_cnt-1, data_ver-1
[thd-1 txn-5] row 0x7f3436c62840 TID is locked. retry. 
              TID: latch-1 prio_ver-1, prio- 0, ref_cnt-1, data_ver-1
[thd-1 txn-5] row 0x7f3436c62840 TID is locked. retry. 
              TID: latch-1 prio_ver-1, prio- 0, ref_cnt-1, data_ver-1
[thd-1 txn-5] row 0x7f3436c62840 TID is locked. retry. 
              TID: latch-1 prio_ver-1, prio- 0, ref_cnt-1, data_ver-1
[thd-1 txn-5] row 0x7f3436c62840 TID is locked. retry. 
              TID: latch-1 prio_ver-1, prio- 0, ref_cnt-1, data_ver-1
[thd-1 txn-5] row 0x7f3436c62840 TID is locked. retry. 
              TID: latch-1 prio_ver-1, prio- 0, ref_cnt-1, data_ver-1
[thd-1 txn-5] row 0x7f3436c62840 TID is locked. retry. 
              TID: latch-1 prio_ver-1, prio- 0, ref_cnt-1, data_ver-1
[thd-1 txn-5] row 0x7f3436c62840 TID is locked. retry. 
              TID: latch-1 prio_ver-1, prio- 0, ref_cnt-1, data_ver-1
[thd-1 txn-5] row 0x7f3436c62840 TID is locked. retry. 
              TID: latch-1 prio_ver-1, prio- 0, ref_cnt-1, data_ver-1
[thd-1 txn-5] row 0x7f3436c62840 TID is locked. retry. 
              TID: latch-1 prio_ver-1, prio- 0, ref_cnt-1, data_ver-1
[thd-1 txn-5] row 0x7f3436c62840 TID is locked. retry. 
              TID: latch-1 prio_ver-1, prio- 0, ref_cnt-1, data_ver-1
[thd-1 txn-5] row 0x7f3436c62840 TID is locked. retry. 
              TID: latch-1 prio_ver-1, prio- 0, ref_cnt-1, data_ver-1
[thd-1 txn-5] row 0x7f3436c62840 TID is locked. retry. 
              TID: latch-1 prio_ver-1, prio- 0, ref_cnt-1, data_ver-1
[thd-1 txn-5] row 0x7f3436c62840 TID is locked. retry. 
              TID: latch-1 prio_ver-1, prio- 0, ref_cnt-1, data_ver-1
[thd-1 txn-5] row 0x7f3436c62840 TID is locked. retry. 
              TID: latch-1 prio_ver-1, prio- 0, ref_cnt-1, data_ver-1
[thd-1 txn-5] row 0x7f3436c62840 TID is locked. retry. 
              TID: latch-1 prio_ver-1, prio- 0, ref_cnt-1, data_ver-1
[thd-1 txn-5] row 0x7f3436c62840 TID is locked. retry. 
              TID: latch-1 prio_ver-1, prio- 0, ref_cnt-1, data_ver-1
[thd-1 txn-5] row 0x7f3436c62840 TID is locked. retry. 
              TID: latch-1 prio_ver-1, prio- 0, ref_cnt-1, data_ver-1
[thd-1 txn-5] row 0x7f3436c62840 TID is locked. retry. 
              TID: latch-1 prio_ver-1, prio- 0, ref_cnt-1, data_ver-1
[thd-1 txn-5] row 0x7f3436c62840 TID is locked. retry. 
              TID: latch-1 prio_ver-1, prio- 0, ref_cnt-1, data_ver-1
[thd-1 txn-5] row 0x7f3436c62840 TID is locked. retry. 
              TID: latch-1 prio_ver-1, prio- 0, ref_cnt-1, data_ver-1
[thd-1 txn-5] row 0x7f3436c62840 TID is locked. retry. 
              TID: latch-1 prio_ver-1, prio- 0, ref_cnt-1, data_ver-1
[thd-1 txn-5] row 0x7f3436c62840 TID is locked. retry. 
              TID: latch-1 prio_ver-1, prio- 0, ref_cnt-1, data_ver-1
[thd-1 txn-5] row 0x7f3436c62840 TID is locked. retry. 
              TID: latch-1 prio_ver-1, prio- 0, ref_cnt-1, data_ver-1
[thd-1 txn-5] row 0x7f3436c62840 TID is locked. retry. 
              TID: latch-1 prio_ver-1, prio- 0, ref_cnt-1, data_ver-1
[thd-1 txn-5] row 0x7f3436c62840 TID is locked. retry. 
              TID: latch-1 prio_ver-1, prio- 0, ref_cnt-1, data_ver-1
[thd-1 txn-5] row 0x7f3436c62840 TID is locked. retry. 
              TID: latch-1 prio_ver-1, prio- 0, ref_cnt-1, data_ver-1
[thd-1 txn-5] row 0x7f3436c62840 TID is locked. retry. 
              TID: latch-1 prio_ver-1, prio- 0, ref_cnt-1, data_ver-1
[thd-1 txn-5] row 0x7f3436c62840 TID is locked. retry. 
              TID: latch-1 prio_ver-1, prio- 0, ref_cnt-1, data_ver-1
[thd-1 txn-5] row 0x7f3436c62840 TID is locked. retry. 
              TID: latch-1 prio_ver-1, prio- 0, ref_cnt-1, data_ver-1
[thd-1 txn-5] row 0x7f3436c62840 TID is locked. retry. 
              TID: latch-1 prio_ver-1, prio- 0, ref_cnt-1, data_ver-1
[thd-1 txn-5] row 0x7f3436c62840 TID is locked. retry. 
              TID: latch-1 prio_ver-1, prio- 0, ref_cnt-1, data_ver-1
[thd-1 txn-5] row 0x7f3436c62840 TID is locked. retry. 
              TID: latch-1 prio_ver-1, prio- 0, ref_cnt-1, data_ver-1
[thd-1 txn-5] row 0x7f3436c62840 TID is locked. retry. 
              TID: latch-1 prio_ver-1, prio- 0, ref_cnt-1, data_ver-1
[thd-1 txn-5] row 0x7f3436c62840 TID is locked. retry. 
              TID: latch-1 prio_ver-1, prio- 0, ref_cnt-1, data_ver-1
[thd-1 txn-5] row 0x7f3436c62840 TID is locked. retry. 
              TID: latch-1 prio_ver-1, prio- 0, ref_cnt-1, data_ver-1
[thd-1 txn-5] row 0x7f3436c62840 TID is locked. retry. 
              TID: latch-1 prio_ver-1, prio- 0, ref_cnt-1, data_ver-1
[thd-1 txn-5] row 0x7f3436c62840 TID is locked. retry. 
              TID: latch-1 prio_ver-1, prio- 0, ref_cnt-1, data_ver-1
[thd-1 txn-5] row 0x7f3436c62840 TID is locked. retry. 
              TID: latch-1 prio_ver-1, prio- 0, ref_cnt-1, data_ver-1
[thd-1 txn-5] row 0x7f3436c62840 TID is locked. retry. 
              TID: latch-1 prio_ver-1, prio- 0, ref_cnt-1, data_ver-1
[thd-1 txn-5] row 0x7f3436c62840 TID is locked. retry. 
              TID: latch-1 prio_ver-1, prio- 0, ref_cnt-1, data_ver-1
[thd-1 txn-5] row 0x7f3436c62840 TID is locked. retry. 
              TID: latch-1 prio_ver-1, prio- 0, ref_cnt-1, data_ver-1
[thd-1 txn-5] row 0x7f3436c62840 TID is locked. retry. 
              TID: latch-1 prio_ver-1, prio- 0, ref_cnt-1, data_ver-1
[thd-1 txn-5] row 0x7f3436c62840 TID is locked. retry. 
              TID: latch-1 prio_ver-1, prio- 0, ref_cnt-1, data_ver-1
[thd-1 txn-5] row 0x7f3436c62840 TID is locked. retry. 
              TID: latch-1 prio_ver-1, prio- 0, ref_cnt-1, data_ver-1
[thd-1 txn-5] row 0x7f3436c62840 TID is locked. retry. 
              TID: latch-1 prio_ver-1, prio- 0, ref_cnt-1, data_ver-1
[thd-1 txn-5] row 0x7f3436c62840 TID is locked. retry. 
              TID: latch-1 prio_ver-1, prio- 0, ref_cnt-1, data_ver-1
[thd-1 txn-5] row 0x7f3436c62840 TID is locked. retry. 
              TID: latch-1 prio_ver-1, prio- 0, ref_cnt-1, data_ver-1
[thd-1 txn-5] row 0x7f3436c62840 TID is locked. retry. 
              TID: latch-1 prio_ver-1, prio- 0, ref_cnt-1, data_ver-1
[thd-1 txn-5] row 0x7f3436c62840 TID is locked. retry. 
              TID: latch-1 prio_ver-1, prio- 0, ref_cnt-1, data_ver-1
[thd-1 txn-5] row 0x7f3436c62840 TID is locked. retry. 
              TID: latch-1 prio_ver-1, prio- 0, ref_cnt-1, data_ver-1
[thd-1 txn-5] row 0x7f3436c62840 TID is locked. retry. 
              TID: latch-1 prio_ver-1, prio- 0, ref_cnt-1, data_ver-1
[thd-1 txn-5] row 0x7f3436c62840 TID is locked. retry. 
              TID: latch-1 prio_ver-1, prio- 0, ref_cnt-1, data_ver-1
[thd-1 txn-5] row 0x7f3436c62840 TID is locked. retry. 
              TID: latch-1 prio_ver-1, prio- 0, ref_cnt-1, data_ver-1
[thd-1 txn-5] row 0x7f3436c62840 TID is locked. retry. 
              TID: latch-1 prio_ver-1, prio- 0, ref_cnt-1, data_ver-1
[thd-1 txn-5] row 0x7f3436c62840 TID is locked. retry. 
              TID: latch-1 prio_ver-1, prio- 0, ref_cnt-1, data_ver-1
[thd-1 txn-5] row 0x7f3436c62840 TID is locked. retry. 
              TID: latch-1 prio_ver-1, prio- 0, ref_cnt-1, data_ver-1
[thd-1 txn-5] row 0x7f3436c62840 TID is locked. retry. 
              TID: latch-1 prio_ver-1, prio- 0, ref_cnt-1, data_ver-1
[thd-1 txn-5] row 0x7f3436c62840 TID is locked. retry. 
              TID: latch-1 prio_ver-1, prio- 0, ref_cnt-1, data_ver-1
[thd-1 txn-5] row 0x7f3436c62840 TID is locked. retry. 
              TID: latch-1 prio_ver-1, prio- 0, ref_cnt-1, data_ver-1
[thd-1 txn-5] row 0x7f3436c62840 TID is locked. retry. 
              TID: latch-1 prio_ver-1, prio- 0, ref_cnt-1, data_ver-1
[thd-1 txn-5] row 0x7f3436c62840 TID is locked. retry. 
              TID: latch-1 prio_ver-1, prio- 0, ref_cnt-1, data_ver-1
[thd-1 txn-5] row 0x7f3436c62840 TID is locked. retry. 
              TID: latch-1 prio_ver-1, prio- 0, ref_cnt-1, data_ver-1
[thd-1 txn-5] row 0x7f3436c62840 TID is locked. retry. 
              TID: latch-1 prio_ver-1, prio- 0, ref_cnt-1, data_ver-1
[thd-1 txn-5] row 0x7f3436c62840 TID is locked. retry. 
              TID: latch-1 prio_ver-1, prio- 0, ref_cnt-1, data_ver-1
[thd-1 txn-5] row 0x7f3436c62840 TID is locked. retry. 
              TID: latch-1 prio_ver-1, prio- 0, ref_cnt-1, data_ver-1
[thd-1 txn-5] row 0x7f3436c62840 TID is locked. retry. 
              TID: latch-1 prio_ver-1, prio- 0, ref_cnt-1, data_ver-1
[thd-1 txn-5] row 0x7f3436c62840 TID is locked. retry. 
              TID: latch-1 prio_ver-1, prio- 0, ref_cnt-1, data_ver-1
[thd-1 txn-5] row 0x7f3436c62840 TID is locked. retry. 
              TID: latch-1 prio_ver-1, prio- 0, ref_cnt-1, data_ver-1
[thd-1 txn-5] row 0x7f3436c62840 TID is locked. retry. 
              TID: latch-1 prio_ver-1, prio- 0, ref_cnt-1, data_ver-1
[thd-1 txn-5] row 0x7f3436c62840 TID is locked. retry. 
              TID: latch-1 prio_ver-1, prio- 0, ref_cnt-1, data_ver-1
[thd-1 txn-5] row 0x7f3436c62840 TID is locked. retry. 
              TID: latch-1 prio_ver-1, prio- 0, ref_cnt-1, data_ver-1
[thd-1 txn-5] row 0x7f3436c62840 TID is locked. retry. 
              TID: latch-1 prio_ver-1, prio- 0, ref_cnt-1, data_ver-1
[thd-1 txn-5] row 0x7f3436c62840 TID is locked. retry. 
              TID: latch-1 prio_ver-1, prio- 0, ref_cnt-1, data_ver-1
[thd-1 txn-5] row 0x7f3436c62840 TID is locked. retry. 
              TID: latch-1 prio_ver-1, prio- 0, ref_cnt-1, data_ver-1
[thd-1 txn-5] row 0x7f3436c62840 TID is locked. retry. 
              TID: latch-1 prio_ver-1, prio- 0, ref_cnt-1, data_ver-1
[thd-1 txn-5] row 0x7f3436c62840 TID is locked. retry. 
              TID: latch-1 prio_ver-1, prio- 0, ref_cnt-1, data_ver-1
[thd-1 txn-5] row 0x7f3436c62840 TID is locked. retry. 
              TID: latch-1 prio_ver-1, prio- 0, ref_cnt-1, data_ver-1
[thd-1 txn-5] row 0x7f3436c62840 TID is locked. retry. 
              TID: latch-1 prio_ver-1, prio- 0, ref_cnt-1, data_ver-1
[thd-1 txn-5] row 0x7f3436c62840 TID is locked. retry. 
              TID: latch-1 prio_ver-1, prio- 0, ref_cnt-1, data_ver-1
[thd-1 txn-5] row 0x7f3436c62840 TID is locked. retry. 
              TID: latch-1 prio_ver-1, prio- 0, ref_cnt-1, data_ver-1
[thd-1 txn-5] row 0x7f3436c62840 TID is locked. retry. 
              TID: latch-1 prio_ver-1, prio- 0, ref_cnt-1, data_ver-1
[thd-1 txn-5] row 0x7f3436c62840 TID is locked. retry. 
              TID: latch-1 prio_ver-1, prio- 0, ref_cnt-1, data_ver-1
[thd-1 txn-5] row 0x7f3436c62840 TID is locked. retry. 
              TID: latch-1 prio_ver-1, prio- 0, ref_cnt-1, data_ver-1
[thd-1 txn-5] row 0x7f3436c62840 TID is locked. retry. 
              TID: latch-1 prio_ver-1, prio- 0, ref_cnt-1, data_ver-1
[thd-1 txn-5] row 0x7f3436c62840 TID is locked. retry. 
              TID: latch-1 prio_ver-1, prio- 0, ref_cnt-1, data_ver-1
[thd-1 txn-5] row 0x7f3436c62840 TID is locked. retry. 
              TID: latch-1 prio_ver-1, prio- 0, ref_cnt-1, data_ver-1
[thd-1 txn-5] row 0x7f3436c62840 TID is locked. retry. 
              TID: latch-1 prio_ver-1, prio- 0, ref_cnt-1, data_ver-1
[thd-1 txn-5] row 0x7f3436c62840 TID is locked. retry. 
              TID: latch-1 prio_ver-1, prio- 0, ref_cnt-1, data_ver-1
[thd-1 txn-5] row 0x7f3436c62840 TID is locked. retry. 
              TID: latch-1 prio_ver-1, prio- 0, ref_cnt-1, data_ver-1
[thd-1 txn-5] row 0x7f3436c62840 TID is locked. retry. 
              TID: latch-1 prio_ver-1, prio- 0, ref_cnt-1, data_ver-1
[thd-1 txn-5] row 0x7f3436c62840 TID is locked. retry. 
              TID: latch-1 prio_ver-1, prio- 0, ref_cnt-1, data_ver-1
[thd-1 txn-5] row 0x7f3436c62840 TID is locked. retry. 
              TID: latch-1 prio_ver-1, prio- 0, ref_cnt-1, data_ver-1
[thd-1 txn-5] row 0x7f3436c62840 TID is locked. retry. 
              TID: latch-1 prio_ver-1, prio- 0, ref_cnt-1, data_ver-1
[thd-1 txn-5] row 0x7f3436c62840 TID is locked. retry. 
              TID: latch-1 prio_ver-1, prio- 0, ref_cnt-1, data_ver-1
[thd-1 txn-5] row 0x7f3436c62840 TID is locked. retry. 
              TID: latch-1 prio_ver-1, prio- 0, ref_cnt-1, data_ver-1
[thd-1 txn-5] row 0x7f3436c62840 TID is locked. retry. 
              TID: latch-1 prio_ver-1, prio- 0, ref_cnt-1, data_ver-1
[thd-1 txn-5] row 0x7f3436c62840 TID is locked. retry. 
              TID: latch-1 prio_ver-1, prio- 0, ref_cnt-1, data_ver-1
[thd-1 txn-5] row 0x7f3436c62840 TID is locked. retry. 
              TID: latch-1 prio_ver-1, prio- 0, ref_cnt-1, data_ver-1
[thd-1 txn-5] row 0x7f3436c62840 TID is locked. retry. 
              TID: latch-1 prio_ver-1, prio- 0, ref_cnt-1, data_ver-1
[thd-1 txn-5] row 0x7f3436c62840 TID is locked. retry. 
              TID: latch-1 prio_ver-1, prio- 0, ref_cnt-1, data_ver-1
[thd-1 txn-5] row 0x7f3436c62840 TID is locked. retry. 
              TID: latch-1 prio_ver-1, prio- 0, ref_cnt-1, data_ver-1
[thd-1 txn-5] row 0x7f3436c62840 TID is locked. retry. 
              TID: latch-1 prio_ver-1, prio- 0, ref_cnt-1, data_ver-1
[thd-1 txn-5] row 0x7f3436c62840 TID is locked. retry. 
              TID: latch-1 prio_ver-1, prio- 0, ref_cnt-1, data_ver-1
[thd-1 txn-5] row 0x7f3436c62840 TID is locked. retry. 
              TID: latch-1 prio_ver-1, prio- 0, ref_cnt-1, data_ver-1
[thd-1 txn-5] row 0x7f3436c62840 TID is locked. retry. 
              TID: latch-1 prio_ver-1, prio- 0, ref_cnt-1, data_ver-1
[thd-1 txn-5] row 0x7f3436c62840 TID is locked. retry. 
              TID: latch-1 prio_ver-1, prio- 0, ref_cnt-1, data_ver-1
[thd-1 txn-5] row 0x7f3436c62840 TID is locked. retry. 
              TID: latch-1 prio_ver-1, prio- 0, ref_cnt-1, data_ver-1
[thd-1 txn-5] row 0x7f3436c62840 TID is locked. retry. 
              TID: latch-1 prio_ver-1, prio- 0, ref_cnt-1, data_ver-1
[thd-1 txn-5] row 0x7f3436c62840 TID is locked. retry. 
              TID: latch-1 prio_ver-1, prio- 0, ref_cnt-1, data_ver-1
[thd-1 txn-5] row 0x7f3436c62840 TID is locked. retry. 
              TID: latch-1 prio_ver-1, prio- 0, ref_cnt-1, data_ver-1
[thd-1 txn-5] row 0x7f3436c62840 TID is locked. retry. 
              TID: latch-1 prio_ver-1, prio- 0, ref_cnt-1, data_ver-1
[thd-1 txn-5] row 0x7f3436c62840 TID is locked. retry. 
              TID: latch-1 prio_ver-1, prio- 0, ref_cnt-1, data_ver-1
[thd-1 txn-5] row 0x7f3436c62840 TID is locked. retry. 
              TID: latch-1 prio_ver-1, prio- 0, ref_cnt-1, data_ver-1
[thd-1 txn-5] row 0x7f3436c62840 TID is locked. retry. 
              TID: latch-1 prio_ver-1, prio- 0, ref_cnt-1, data_ver-1
[thd-1 txn-5] row 0x7f3436c62840 TID is locked. retry. 
              TID: latch-1 prio_ver-1, prio- 0, ref_cnt-1, data_ver-1
[thd-1 txn-5] row 0x7f3436c62840 TID is locked. retry. 
              TID: latch-1 prio_ver-1, prio- 0, ref_cnt-1, data_ver-1
[thd-1 txn-5] row 0x7f3436c62840 TID is locked. retry. 
              TID: latch-1 prio_ver-1, prio- 0, ref_cnt-1, data_ver-1
[thd-1 txn-5] row 0x7f3436c62840 TID is locked. retry. 
              TID: latch-1 prio_ver-1, prio- 0, ref_cnt-1, data_ver-1
[thd-1 txn-5] row 0x7f3436c62840 TID is locked. retry. 
              TID: latch-1 prio_ver-1, prio- 0, ref_cnt-1, data_ver-1
[thd-1 txn-5] row 0x7f3436c62840 TID is locked. retry. 
              TID: latch-1 prio_ver-1, prio- 0, ref_cnt-1, data_ver-1
[thd-1 txn-5] row 0x7f3436c62840 TID is locked. retry. 
              TID: latch-1 prio_ver-1, prio- 0, ref_cnt-1, data_ver-1
[thd-1 txn-5] row 0x7f3436c62840 TID is locked. retry. 
              TID: latch-1 prio_ver-1, prio- 0, ref_cnt-1, data_ver-1
[thd-1 txn-5] row 0x7f3436c62840 TID is locked. retry. 
              TID: latch-1 prio_ver-1, prio- 0, ref_cnt-1, data_ver-1
[thd-1 txn-5] row 0x7f3436c62840 TID is locked. retry. 
              TID: latch-1 prio_ver-1, prio- 0, ref_cnt-1, data_ver-1
[thd-1 txn-5] row 0x7f3436c62840 TID is locked. retry. 
              TID: latch-1 prio_ver-1, prio- 0, ref_cnt-1, data_ver-1
[thd-1 txn-5] row 0x7f3436c62840 TID is locked. retry. 
              TID: latch-1 prio_ver-1, prio- 0, ref_cnt-1, data_ver-1
[thd-1 txn-5] row 0x7f3436c62840 TID is locked. retry. 
              TID: latch-1 prio_ver-1, prio- 0, ref_cnt-1, data_ver-1
[thd-1 txn-5] row 0x7f3436c62840 TID is locked. retry. 
              TID: latch-1 prio_ver-1, prio- 0, ref_cnt-1, data_ver-1
[thd-1 txn-5] row 0x7f3436c62840 TID is locked. retry. 
              TID: latch-1 prio_ver-1, prio- 0, ref_cnt-1, data_ver-1
[thd-1 txn-5] row 0x7f3436c62840 TID is locked. retry. 
              TID: latch-1 prio_ver-1, prio- 0, ref_cnt-1, data_ver-1
[thd-1 txn-5] row 0x7f3436c62840 TID is locked. retry. 
              TID: latch-1 prio_ver-1, prio- 0, ref_cnt-1, data_ver-1
[thd-1 txn-5] row 0x7f3436c62840 TID is locked. retry. 
              TID: latch-1 prio_ver-1, prio- 0, ref_cnt-1, data_ver-1
[thd-1 txn-5] row 0x7f3436c62840 TID is locked. retry. 
              TID: latch-1 prio_ver-1, prio- 0, ref_cnt-1, data_ver-1
[thd-1 txn-5] row 0x7f3436c62840 TID is locked. retry. 
              TID: latch-1 prio_ver-1, prio- 0, ref_cnt-1, data_ver-1
[thd-1 txn-5] row 0x7f3436c62840 TID is locked. retry. 
              TID: latch-1 prio_ver-1, prio- 0, ref_cnt-1, data_ver-1
[thd-1 txn-5] row 0x7f3436c62840 TID is locked. retry. 
              TID: latch-1 prio_ver-1, prio- 0, ref_cnt-1, data_ver-1
[thd-1 txn-5] row 0x7f3436c62840 TID is locked. retry. 
              TID: latch-1 prio_ver-1, prio- 0, ref_cnt-1, data_ver-1
[thd-1 txn-5] row 0x7f3436c62840 TID is locked. retry. 
              TID: latch-1 prio_ver-1, prio- 0, ref_cnt-1, data_ver-1
[thd-1 txn-5] row 0x7f3436c62840 TID is locked. retry. 
              TID: latch-1 prio_ver-1, prio- 0, ref_cnt-1, data_ver-1
[thd-1 txn-5] row 0x7f3436c62840 TID is locked. retry. 
              TID: latch-1 prio_ver-1, prio- 0, ref_cnt-1, data_ver-1
[thd-1 txn-5] row 0x7f3436c62840 TID is locked. retry. 
              TID: latch-1 prio_ver-1, prio- 0, ref_cnt-1, data_ver-1
[thd-1 txn-5] row 0x7f3436c62840 TID is locked. retry. 
              TID: latch-1 prio_ver-1, prio- 0, ref_cnt-1, data_ver-1
[thd-1 txn-5] row 0x7f3436c62840 TID is locked. retry. 
              TID: latch-1 prio_ver-1, prio- 0, ref_cnt-1, data_ver-1
[thd-1 txn-5] row 0x7f3436c62840 TID is locked. retry. 
              TID: latch-1 prio_ver-1, prio- 0, ref_cnt-1, data_ver-1
[thd-1 txn-5] row 0x7f3436c62840 TID is locked. retry. 
              TID: latch-1 prio_ver-1, prio- 0, ref_cnt-1, data_ver-1
[thd-1 txn-5] row 0x7f3436c62840 TID is locked. retry. 
              TID: latch-1 prio_ver-1, prio- 0, ref_cnt-1, data_ver-1
[thd-1 txn-5] row 0x7f3436c62840 TID is locked. retry. 
              TID: latch-1 prio_ver-1, prio- 0, ref_cnt-1, data_ver-1
[thd-1 txn-5] row 0x7f3436c62840 TID is locked. retry. 
              TID: latch-1 prio_ver-1, prio- 0, ref_cnt-1, data_ver-1
[thd-1 txn-5] row 0x7f3436c62840 TID is locked. retry. 
              TID: latch-1 prio_ver-1, prio- 0, ref_cnt-1, data_ver-1
[thd-1 txn-5] row 0x7f3436c62840 TID is locked. retry. 
              TID: latch-1 prio_ver-1, prio- 0, ref_cnt-1, data_ver-1
[thd-1 txn-5] row 0x7f3436c62840 TID is locked. retry. 
              TID: latch-1 prio_ver-1, prio- 0, ref_cnt-1, data_ver-1
[thd-1 txn-5] row 0x7f3436c62840 TID is locked. retry. 
              TID: latch-1 prio_ver-1, prio- 0, ref_cnt-1, data_ver-1
[thd-1 txn-5] row 0x7f3436c62840 TID is locked. retry. 
              TID: latch-1 prio_ver-1, prio- 0, ref_cnt-1, data_ver-1
[thd-1 txn-5] row 0x7f3436c62840 TID is locked. retry. 
              TID: latch-1 prio_ver-1, prio- 0, ref_cnt-1, data_ver-1
[thd-1 txn-5] row 0x7f3436c62840 TID is locked. retry. 
              TID: latch-1 prio_ver-1, prio- 0, ref_cnt-1, data_ver-1
[thd-1 txn-5] row 0x7f3436c62840 TID is locked. retry. 
              TID: latch-1 prio_ver-1, prio- 0, ref_cnt-1, data_ver-1
[thd-1 txn-5] row 0x7f3436c62840 TID is locked. retry. 
              TID: latch-1 prio_ver-1, prio- 0, ref_cnt-1, data_ver-1
[thd-1 txn-5] row 0x7f3436c62840 TID is locked. retry. 
              TID: latch-1 prio_ver-1, prio- 0, ref_cnt-1, data_ver-1
[thd-1 txn-5] row 0x7f3436c62840 TID is locked. retry. 
              TID: latch-1 prio_ver-1, prio- 0, ref_cnt-1, data_ver-1
[thd-1 txn-5] row 0x7f3436c62840 TID is locked. retry. 
              TID: latch-1 prio_ver-1, prio- 0, ref_cnt-1, data_ver-1
[thd-1 txn-5] row 0x7f3436c62840 TID is locked. retry. 
              TID: latch-1 prio_ver-1, prio- 0, ref_cnt-1, data_ver-1
[thd-1 txn-5] row 0x7f3436c62840 TID is locked. retry. 
              TID: latch-1 prio_ver-1, prio- 0, ref_cnt-1, data_ver-1
[thd-1 txn-5] row 0x7f3436c62840 TID is locked. retry. 
              TID: latch-1 prio_ver-1, prio- 0, ref_cnt-1, data_ver-1
[thd-1 txn-5] row 0x7f3436c62840 TID is locked. retry. 
              TID: latch-1 prio_ver-1, prio- 0, ref_cnt-1, data_ver-1
[thd-1 txn-5] row 0x7f3436c62840 TID is locked. retry. 
              TID: latch-1 prio_ver-1, prio- 0, ref_cnt-1, data_ver-1
[thd-1 txn-5] row 0x7f3436c62840 TID is locked. retry. 
              TID: latch-1 prio_ver-1, prio- 0, ref_cnt-1, data_ver-1
[thd-1 txn-5] row 0x7f3436c62840 TID is locked. retry. 
              TID: latch-1 prio_ver-1, prio- 0, ref_cnt-1, data_ver-1
[thd-1 txn-5] row 0x7f3436c62840 TID is locked. retry. 
              TID: latch-1 prio_ver-1, prio- 0, ref_cnt-1, data_ver-1
[thd-1 txn-5] row 0x7f3436c62840 TID is locked. retry. 
              TID: latch-1 prio_ver-1, prio- 0, ref_cnt-1, data_ver-1
[thd-1 txn-5] row 0x7f3436c62840 TID is locked. retry. 
              TID: latch-1 prio_ver-1, prio- 0, ref_cnt-1, data_ver-1
[thd-1 txn-5] row 0x7f3436c62840 TID is locked. retry. 
              TID: latch-1 prio_ver-1, prio- 0, ref_cnt-1, data_ver-1
[thd-1 txn-5] row 0x7f3436c62840 TID is locked. retry. 
              TID: latch-1 prio_ver-1, prio- 0, ref_cnt-1, data_ver-1
[thd-1 txn-5] row 0x7f3436c62840 TID is locked. retry. 
              TID: latch-1 prio_ver-1, prio- 0, ref_cnt-1, data_ver-1
[thd-1 txn-5] row 0x7f3436c62840 TID is locked. retry. 
              TID: latch-1 prio_ver-1, prio- 0, ref_cnt-1, data_ver-1
[thd-1 txn-5] row 0x7f3436c62840 TID is locked. retry. 
              TID: latch-1 prio_ver-1, prio- 0, ref_cnt-1, data_ver-1
[thd-1 txn-5] row 0x7f3436c62840 TID is locked. retry. 
              TID: latch-1 prio_ver-1, prio- 0, ref_cnt-1, data_ver-1
[thd-1 txn-5] row 0x7f3436c62840 TID is locked. retry. 
              TID: latch-1 prio_ver-1, prio- 0, ref_cnt-1, data_ver-1
[thd-1 txn-5] row 0x7f3436c62840 TID is locked. retry. 
              TID: latch-1 prio_ver-1, prio- 0, ref_cnt-1, data_ver-1
[thd-1 txn-5] row 0x7f3436c62840 TID is locked. retry. 
              TID: latch-1 prio_ver-1, prio- 0, ref_cnt-1, data_ver-1
[thd-1 txn-5] row 0x7f3436c62840 TID is locked. retry. 
              TID: latch-1 prio_ver-1, prio- 0, ref_cnt-1, data_ver-1
[thd-1 txn-5] row 0x7f3436c62840 TID is locked. retry. 
              TID: latch-1 prio_ver-1, prio- 0, ref_cnt-1, data_ver-1
[thd-1 txn-5] row 0x7f3436c62840 TID is locked. retry. 
              TID: latch-1 prio_ver-1, prio- 0, ref_cnt-1, data_ver-1
[thd-1 txn-5] row 0x7f3436c62840 TID is locked. retry. 
              TID: latch-1 prio_ver-1, prio- 0, ref_cnt-1, data_ver-1
[thd-1 txn-5] row 0x7f3436c62840 TID is locked. retry. 
              TID: latch-1 prio_ver-1, prio- 0, ref_cnt-1, data_ver-1
[thd-1 txn-5] row 0x7f3436c62840 TID is locked. retry. 
              TID: latch-1 prio_ver-1, prio- 0, ref_cnt-1, data_ver-1
[thd-1 txn-5] row 0x7f3436c62840 TID is locked. retry. 
              TID: latch-1 prio_ver-1, prio- 0, ref_cnt-1, data_ver-1
[thd-1 txn-5] row 0x7f3436c62840 TID is locked. retry. 
              TID: latch-1 prio_ver-1, prio- 0, ref_cnt-1, data_ver-1
[thd-1 txn-5] row 0x7f3436c62840 TID is locked. retry. 
              TID: latch-1 prio_ver-1, prio- 0, ref_cnt-1, data_ver-1
[thd-1 txn-5] row 0x7f3436c62840 TID is locked. retry. 
              TID: latch-1 prio_ver-1, prio- 0, ref_cnt-1, data_ver-1
[thd-1 txn-5] row 0x7f3436c62840 TID is locked. retry. 
              TID: latch-1 prio_ver-1, prio- 0, ref_cnt-1, data_ver-1
[thd-1 txn-5] row 0x7f3436c62840 TID is locked. retry. 
              TID: latch-1 prio_ver-1, prio- 0, ref_cnt-1, data_ver-1
[thd-1 txn-5] row 0x7f3436c62840 TID is locked. retry. 
              TID: latch-1 prio_ver-1, prio- 0, ref_cnt-1, data_ver-1
[thd-1 txn-5] row 0x7f3436c62840 TID is locked. retry. 
              TID: latch-1 prio_ver-1, prio- 0, ref_cnt-1, data_ver-1
[thd-1 txn-5] row 0x7f3436c62840 TID is locked. retry. 
              TID: latch-1 prio_ver-1, prio- 0, ref_cnt-1, data_ver-1
[thd-1 txn-5] row 0x7f3436c62840 TID is locked. retry. 
              TID: latch-1 prio_ver-1, prio- 0, ref_cnt-1, data_ver-1
[thd-1 txn-5] row 0x7f3436c62840 TID is locked. retry. 
              TID: latch-1 prio_ver-1, prio- 0, ref_cnt-1, data_ver-1
[thd-1 txn-5] row 0x7f3436c62840 TID is locked. retry. 
              TID: latch-1 prio_ver-1, prio- 0, ref_cnt-1, data_ver-1
[thd-1 txn-5] row 0x7f3436c62840 TID is locked. retry. 
              TID: latch-1 prio_ver-1, prio- 0, ref_cnt-1, data_ver-1
[thd-1 txn-5] row 0x7f3436c62840 TID is locked. retry. 
              TID: latch-1 prio_ver-1, prio- 0, ref_cnt-1, data_ver-1
[thd-1 txn-5] row 0x7f3436c62840 TID is locked. retry. 
              TID: latch-1 prio_ver-1, prio- 0, ref_cnt-1, data_ver-1
[thd-1 txn-5] row 0x7f3436c62840 TID is locked. retry. 
              TID: latch-1 prio_ver-1, prio- 0, ref_cnt-1, data_ver-1
[thd-1 txn-5] row 0x7f3436c62840 TID is locked. retry. 
              TID: latch-1 prio_ver-1, prio- 0, ref_cnt-1, data_ver-1
[thd-1 txn-5] row 0x7f3436c62840 TID is locked. retry. 
              TID: latch-1 prio_ver-1, prio- 0, ref_cnt-1, data_ver-1
[thd-1 txn-5] row 0x7f3436c62840 TID is locked. retry. 
              TID: latch-1 prio_ver-1, prio- 0, ref_cnt-1, data_ver-1
[thd-1 txn-5] row 0x7f3436c62840 TID is locked. retry. 
              TID: latch-1 prio_ver-1, prio- 0, ref_cnt-1, data_ver-1
[thd-1 txn-5] row 0x7f3436c62840 TID is locked. retry. 
              TID: latch-1 prio_ver-1, prio- 0, ref_cnt-1, data_ver-1
[thd-1 txn-5] row 0x7f3436c62840 TID is locked. retry. 
              TID: latch-1 prio_ver-1, prio- 0, ref_cnt-1, data_ver-1
[thd-1 txn-5] row 0x7f3436c62840 TID is locked. retry. 
              TID: latch-1 prio_ver-1, prio- 0, ref_cnt-1, data_ver-1
[thd-1 txn-5] row 0x7f3436c62840 TID is locked. retry. 
              TID: latch-1 prio_ver-1, prio- 0, ref_cnt-1, data_ver-1
[thd-1 txn-5] row 0x7f3436c62840 TID is locked. retry. 
              TID: latch-1 prio_ver-1, prio- 0, ref_cnt-1, data_ver-1
[thd-1 txn-5] row 0x7f3436c62840 TID is locked. retry. 
              TID: latch-1 prio_ver-1, prio- 0, ref_cnt-1, data_ver-1
[thd-1 txn-5] row 0x7f3436c62840 TID is locked. retry. 
              TID: latch-1 prio_ver-1, prio- 0, ref_cnt-1, data_ver-1
[thd-1 txn-5] row 0x7f3436c62840 TID is locked. retry. 
              TID: latch-1 prio_ver-1, prio- 0, ref_cnt-1, data_ver-1
[thd-1 txn-5] row 0x7f3436c62840 TID is locked. retry. 
              TID: latch-1 prio_ver-1, prio- 0, ref_cnt-1, data_ver-1
[thd-1 txn-5] row 0x7f3436c62840 TID is locked. retry. 
              TID: latch-1 prio_ver-1, prio- 0, ref_cnt-1, data_ver-1
[thd-1 txn-5] row 0x7f3436c62840 TID is locked. retry. 
              TID: latch-1 prio_ver-1, prio- 0, ref_cnt-1, data_ver-1
[thd-1 txn-5] row 0x7f3436c62840 TID is locked. retry. 
              TID: latch-1 prio_ver-1, prio- 0, ref_cnt-1, data_ver-1
[thd-1 txn-5] row 0x7f3436c62840 TID is locked. retry. 
              TID: latch-1 prio_ver-1, prio- 0, ref_cnt-1, data_ver-1
[thd-1 txn-5] row 0x7f3436c62840 TID is locked. retry. 
              TID: latch-1 prio_ver-1, prio- 0, ref_cnt-1, data_ver-1
[thd-1 txn-5] row 0x7f3436c62840 TID is locked. retry. 
              TID: latch-1 prio_ver-1, prio- 0, ref_cnt-1, data_ver-1
[thd-1 txn-5] row 0x7f3436c62840 TID is locked. retry. 
              TID: latch-1 prio_ver-1, prio- 0, ref_cnt-1, data_ver-1
[thd-1 txn-5] row 0x7f3436c62840 TID is locked. retry. 
              TID: latch-1 prio_ver-1, prio- 0, ref_cnt-1, data_ver-1
[thd-1 txn-5] row 0x7f3436c62840 TID is locked. retry. 
              TID: latch-1 prio_ver-1, prio- 0, ref_cnt-1, data_ver-1
[thd-1 txn-5] row 0x7f3436c62840 TID is locked. retry. 
              TID: latch-1 prio_ver-1, prio- 0, ref_cnt-1, data_ver-1
[thd-1 txn-5] row 0x7f3436c62840 TID is locked. retry. 
              TID: latch-1 prio_ver-1, prio- 0, ref_cnt-1, data_ver-1
[thd-1 txn-5] row 0x7f3436c62840 TID is locked. retry. 
              TID: latch-1 prio_ver-1, prio- 0, ref_cnt-1, data_ver-1
[thd-1 txn-5] row 0x7f3436c62840 TID is locked. retry. 
              TID: latch-1 prio_ver-1, prio- 0, ref_cnt-1, data_ver-1
[thd-1 txn-5] row 0x7f3436c62840 TID is locked. retry. 
              TID: latch-1 prio_ver-1, prio- 0, ref_cnt-1, data_ver-1
[thd-1 txn-5] row 0x7f3436c62840 TID is locked. retry. 
              TID: latch-1 prio_ver-1, prio- 0, ref_cnt-1, data_ver-1
[thd-1 txn-5] row 0x7f3436c62840 TID is locked. retry. 
              TID: latch-1 prio_ver-1, prio- 0, ref_cnt-1, data_ver-1
[thd-1 txn-5] row 0x7f3436c62840 TID is locked. retry. 
              TID: latch-1 prio_ver-1, prio- 0, ref_cnt-1, data_ver-1
[thd-1 txn-5] row 0x7f3436c62840 TID is locked. retry. 
              TID: latch-1 prio_ver-1, prio- 0, ref_cnt-1, data_ver-1
[thd-1 txn-5] row 0x7f3436c62840 TID is locked. retry. 
              TID: latch-1 prio_ver-1, prio- 0, ref_cnt-1, data_ver-1
[thd-1 txn-5] row 0x7f3436c62840 TID is locked. retry. 
              TID: latch-1 prio_ver-1, prio- 0, ref_cnt-1, data_ver-1
[thd-1 txn-5] row 0x7f3436c62840 TID is locked. retry. 
              TID: latch-1 prio_ver-1, prio- 0, ref_cnt-1, data_ver-1
[thd-1 txn-5] row 0x7f3436c62840 TID is locked. retry. 
              TID: latch-1 prio_ver-1, prio- 0, ref_cnt-1, data_ver-1
[thd-1 txn-5] row 0x7f3436c62840 TID is locked. retry. 
              TID: latch-1 prio_ver-1, prio- 0, ref_cnt-1, data_ver-1
[thd-1 txn-5] row 0x7f3436c62840 TID is locked. retry. 
              TID: latch-1 prio_ver-1, prio- 0, ref_cnt-1, data_ver-1
[thd-1 txn-5] row 0x7f3436c62840 TID is locked. retry. 
              TID: latch-1 prio_ver-1, prio- 0, ref_cnt-1, data_ver-1
[thd-1 txn-5] row 0x7f3436c62840 TID is locked. retry. 
              TID: latch-1 prio_ver-1, prio- 0, ref_cnt-1, data_ver-1
[thd-1 txn-5] row 0x7f3436c62840 TID is locked. retry. 
              TID: latch-1 prio_ver-1, prio- 0, ref_cnt-1, data_ver-1
[thd-1 txn-5] row 0x7f3436c62840 TID is locked. retry. 
              TID: latch-1 prio_ver-1, prio- 0, ref_cnt-1, data_ver-1
[thd-1 txn-5] row 0x7f3436c62840 TID is locked. retry. 
              TID: latch-1 prio_ver-1, prio- 0, ref_cnt-1, data_ver-1
[thd-1 txn-5] row 0x7f3436c62840 TID is locked. retry. 
              TID: latch-1 prio_ver-1, prio- 0, ref_cnt-1, data_ver-1
[thd-1 txn-5] row 0x7f3436c62840 TID is locked. retry. 
              TID: latch-1 prio_ver-1, prio- 0, ref_cnt-1, data_ver-1
[thd-1 txn-5] row 0x7f3436c62840 TID is locked. retry. 
              TID: latch-1 prio_ver-1, prio- 0, ref_cnt-1, data_ver-1
[thd-1 txn-5] row 0x7f3436c62840 TID is locked. retry. 
              TID: latch-1 prio_ver-1, prio- 0, ref_cnt-1, data_ver-1
[thd-1 txn-5] row 0x7f3436c62840 TID is locked. retry. 
              TID: latch-1 prio_ver-1, prio- 0, ref_cnt-1, data_ver-1
[thd-1 txn-5] row 0x7f3436c62840 TID is locked. retry. 
              TID: latch-1 prio_ver-1, prio- 0, ref_cnt-1, data_ver-1
[thd-1 txn-5] row 0x7f3436c62840 TID is locked. retry. 
              TID: latch-1 prio_ver-1, prio- 0, ref_cnt-1, data_ver-1
[thd-1 txn-5] row 0x7f3436c62840 TID is locked. retry. 
              TID: latch-1 prio_ver-1, prio- 0, ref_cnt-1, data_ver-1
[thd-1 txn-5] row 0x7f3436c62840 TID is locked. retry. 
              TID: latch-1 prio_ver-1, prio- 0, ref_cnt-1, data_ver-1
[thd-1 txn-5] row 0x7f3436c62840 TID is locked. retry. 
              TID: latch-1 prio_ver-1, prio- 0, ref_cnt-1, data_ver-1
[thd-1 txn-5] row 0x7f3436c62840 TID is locked. retry. 
              TID: latch-1 prio_ver-1, prio- 0, ref_cnt-1, data_ver-1
[thd-1 txn-5] row 0x7f3436c62840 TID is locked. retry. 
              TID: latch-1 prio_ver-1, prio- 0, ref_cnt-1, data_ver-1
[thd-1 txn-5] row 0x7f3436c62840 TID is locked. retry. 
              TID: latch-1 prio_ver-1, prio- 0, ref_cnt-1, data_ver-1
[thd-1 txn-5] row 0x7f3436c62840 TID is locked. retry. 
              TID: latch-1 prio_ver-1, prio- 0, ref_cnt-1, data_ver-1
[thd-1 txn-5] row 0x7f3436c62840 TID is locked. retry. 
              TID: latch-1 prio_ver-1, prio- 0, ref_cnt-1, data_ver-1
[thd-1 txn-5] row 0x7f3436c62840 TID is locked. retry. 
              TID: latch-1 prio_ver-1, prio- 0, ref_cnt-1, data_ver-1
[thd-1 txn-5] row 0x7f3436c62840 TID is locked. retry. 
              TID: latch-1 prio_ver-1, prio- 0, ref_cnt-1, data_ver-1
[thd-1 txn-5] row 0x7f3436c62840 TID is locked. retry. 
              TID: latch-1 prio_ver-1, prio- 0, ref_cnt-1, data_ver-1
[thd-1 txn-5] row 0x7f3436c62840 TID is locked. retry. 
              TID: latch-1 prio_ver-1, prio- 0, ref_cnt-1, data_ver-1
[thd-1 txn-5] row 0x7f3436c62840 TID is locked. retry. 
              TID: latch-1 prio_ver-1, prio- 0, ref_cnt-1, data_ver-1
[thd-1 txn-5] row 0x7f3436c62840 TID is locked. retry. 
              TID: latch-1 prio_ver-1, prio- 0, ref_cnt-1, data_ver-1
[thd-1 txn-5] row 0x7f3436c62840 TID is locked. retry. 
              TID: latch-1 prio_ver-1, prio- 0, ref_cnt-1, data_ver-1
[thd-1 txn-5] row 0x7f3436c62840 TID is locked. retry. 
              TID: latch-1 prio_ver-1, prio- 0, ref_cnt-1, data_ver-1
[thd-1 txn-5] row 0x7f3436c62840 TID is locked. retry. 
              TID: latch-1 prio_ver-1, prio- 0, ref_cnt-1, data_ver-1
[thd-1 txn-5] row 0x7f3436c62840 TID is locked. retry. 
              TID: latch-1 prio_ver-1, prio- 0, ref_cnt-1, data_ver-1
[thd-1 txn-5] row 0x7f3436c62840 TID is locked. retry. 
              TID: latch-1 prio_ver-1, prio- 0, ref_cnt-1, data_ver-1
[thd-1 txn-5] row 0x7f3436c62840 TID is locked. retry. 
              TID: latch-1 prio_ver-1, prio- 0, ref_cnt-1, data_ver-1
[thd-1 txn-5] row 0x7f3436c62840 TID is locked. retry. 
              TID: latch-1 prio_ver-1, prio- 0, ref_cnt-1, data_ver-1
[thd-1 txn-5] row 0x7f3436c62840 TID is locked. retry. 
              TID: latch-1 prio_ver-1, prio- 0, ref_cnt-1, data_ver-1
[thd-1 txn-5] row 0x7f3436c62840 TID is locked. retry. 
              TID: latch-1 prio_ver-1, prio- 0, ref_cnt-1, data_ver-1
[thd-2 txn-6] unlocked 0x7f3436c7f740 because committed. 
              TID: latch-0 prio_ver-1, prio- 0, ref_cnt-0, data_ver-2
[thd-2 txn-6] unlocked 0x7f3436c983c0 because committed. 
              TID: latch-0 prio_ver-1, prio- 0, ref_cnt-0, data_ver-2
[thd-2 txn-6] unlocked 0x7f3436cac2c0 because committed. 
              TID: latch-0 prio_ver-1, prio- 0, ref_cnt-0, data_ver-2
[thd-2 txn-6] unlocked 0x7f3436cfce40 because committed. 
              TID: latch-0 prio_ver-1, prio- 0, ref_cnt-0, data_ver-2
[thd-2 txn-6] unlocked 0x7f34342c6c40 because committed. 
              TID: latch-0 prio_ver-1, prio- 0, ref_cnt-0, data_ver-2
[thd-2 txn-6] unlocked 0x7f3432cb9b80 because committed. 
              TID: latch-0 prio_ver-1, prio- 0, ref_cnt-0, data_ver-2
[thd-2 txn-6] unlocked 0x7f3430c6d800 because committed. 
              TID: latch-0 prio_ver-1, prio- 0, ref_cnt-0, data_ver-2
[thd-2 txn-6] unlocked 0x7f34188357c0 because committed. 
              TID: latch-0 prio_ver-1, prio- 0, ref_cnt-0, data_ver-2
[thd-2 txn-6] unlocked 0x7f3410c35840 because committed. 
              TID: latch-0 prio_ver-1, prio- 0, ref_cnt-0, data_ver-2
[thd-2 txn-6] unlocked 0x7f341b939380 because committed. 
              TID: latch-0 prio_ver-1, prio- 0, ref_cnt-0, data_ver-2
[thd-2 txn-6] unlocked 0x7f33f7df4340 because committed. 
              TID: latch-0 prio_ver-1, prio- 0, ref_cnt-0, data_ver-2
[thd-1 txn-5] row 0x7f3436c62840 TID is locked. retry. 
              TID: latch-1 prio_ver-1, prio- 0, ref_cnt-1, data_ver-1
[thd-1 txn-5] row 0x7f3436c62840 TID is locked. retry. 
              TID: latch-1 prio_ver-1, prio- 0, ref_cnt-1, data_ver-1
[thd-1 txn-5] row 0x7f3436c62840 TID is locked. retry. 
              TID: latch-1 prio_ver-1, prio- 0, ref_cnt-1, data_ver-1
[thd-1 txn-5] row 0x7f3436c62840 TID is locked. retry. 
              TID: latch-1 prio_ver-1, prio- 0, ref_cnt-1, data_ver-1
[thd-1 txn-5] row 0x7f3436c62840 TID is locked. retry. 
              TID: latch-1 prio_ver-1, prio- 0, ref_cnt-1, data_ver-1
[thd-1 txn-5] row 0x7f3436c62840 TID is locked. retry. 
              TID: latch-1 prio_ver-1, prio- 0, ref_cnt-1, data_ver-1
[thd-1 txn-5] row 0x7f3436c62840 TID is locked. retry. 
              TID: latch-1 prio_ver-1, prio- 0, ref_cnt-1, data_ver-1
[thd-1 txn-5] row 0x7f3436c62840 TID is locked. retry. 
              TID: latch-1 prio_ver-1, prio- 0, ref_cnt-1, data_ver-1
[thd-1 txn-5] row 0x7f3436c62840 TID is locked. retry. 
              TID: latch-1 prio_ver-1, prio- 0, ref_cnt-1, data_ver-1
[thd-1 txn-5] row 0x7f3436c62840 TID is locked. retry. 
              TID: latch-1 prio_ver-1, prio- 0, ref_cnt-1, data_ver-1
[thd-1 txn-5] row 0x7f3436c62840 TID is locked. retry. 
              TID: latch-1 prio_ver-1, prio- 0, ref_cnt-1, data_ver-1
[thd-1 txn-5] row 0x7f3436c62840 TID is locked. retry. 
              TID: latch-1 prio_ver-1, prio- 0, ref_cnt-1, data_ver-1
[thd-1 txn-5] row 0x7f3436c62840 TID is locked. retry. 
              TID: latch-1 prio_ver-1, prio- 0, ref_cnt-1, data_ver-1
[thd-1 txn-5] row 0x7f3436c62840 TID is locked. retry. 
              TID: latch-1 prio_ver-1, prio- 0, ref_cnt-1, data_ver-1
[thd-1 txn-5] row 0x7f3436c62840 TID is locked. retry. 
              TID: latch-1 prio_ver-1, prio- 0, ref_cnt-1, data_ver-1
[thd-1 txn-5] row 0x7f3436c62840 TID is locked. retry. 
              TID: latch-1 prio_ver-1, prio- 0, ref_cnt-1, data_ver-1
[thd-1 txn-5] row 0x7f3436c62840 TID is locked. retry. 
              TID: latch-1 prio_ver-1, prio- 0, ref_cnt-1, data_ver-1
[thd-1 txn-5] row 0x7f3436c62840 TID is locked. retry. 
              TID: latch-1 prio_ver-1, prio- 0, ref_cnt-1, data_ver-1
[thd-1 txn-5] row 0x7f3436c62840 TID is locked. retry. 
              TID: latch-1 prio_ver-1, prio- 0, ref_cnt-1, data_ver-1
[thd-1 txn-5] row 0x7f3436c62840 TID is locked. retry. 
              TID: latch-1 prio_ver-1, prio- 0, ref_cnt-1, data_ver-1
[thd-1 txn-5] row 0x7f3436c62840 TID is locked. retry. 
              TID: latch-1 prio_ver-1, prio- 0, ref_cnt-1, data_ver-1
[thd-1 txn-5] row 0x7f3436c62840 TID is locked. retry. 
              TID: latch-1 prio_ver-1, prio- 0, ref_cnt-1, data_ver-1
[thd-1 txn-5] row 0x7f3436c62840 TID is locked. retry. 
              TID: latch-1 prio_ver-1, prio- 0, ref_cnt-1, data_ver-1
[thd-1 txn-5] row 0x7f3436c62840 TID is locked. retry. 
              TID: latch-1 prio_ver-1, prio- 0, ref_cnt-1, data_ver-1
[thd-1 txn-5] row 0x7f3436c62840 TID is locked. retry. 
              TID: latch-1 prio_ver-1, prio- 0, ref_cnt-1, data_ver-1
[thd-1 txn-5] row 0x7f3436c62840 TID is locked. retry. 
              TID: latch-1 prio_ver-1, prio- 0, ref_cnt-1, data_ver-1
[thd-1 txn-5] row 0x7f3436c62840 TID is locked. retry. 
              TID: latch-1 prio_ver-1, prio- 0, ref_cnt-1, data_ver-1
[thd-1 txn-5] row 0x7f3436c62840 TID is locked. retry. 
              TID: latch-1 prio_ver-1, prio- 0, ref_cnt-1, data_ver-1
[thd-1 txn-5] row 0x7f3436c62840 TID is locked. retry. 
              TID: latch-1 prio_ver-1, prio- 0, ref_cnt-1, data_ver-1
[thd-1 txn-5] row 0x7f3436c62840 TID is locked. retry. 
              TID: latch-1 prio_ver-1, prio- 0, ref_cnt-1, data_ver-1
[thd-1 txn-5] row 0x7f3436c62840 TID is locked. retry. 
              TID: latch-1 prio_ver-1, prio- 0, ref_cnt-1, data_ver-1
[thd-1 txn-5] row 0x7f3436c62840 TID is locked. retry. 
              TID: latch-1 prio_ver-1, prio- 0, ref_cnt-1, data_ver-1
[thd-1 txn-5] row 0x7f3436c62840 TID is locked. retry. 
              TID: latch-1 prio_ver-1, prio- 0, ref_cnt-1, data_ver-1
[thd-1 txn-5] row 0x7f3436c62840 TID is locked. retry. 
              TID: latch-1 prio_ver-1, prio- 0, ref_cnt-1, data_ver-1
[thd-1 txn-5] row 0x7f3436c62840 TID is locked. retry. 
              TID: latch-1 prio_ver-1, prio- 0, ref_cnt-1, data_ver-1
[thd-1 txn-5] row 0x7f3436c62840 TID is locked. retry. 
              TID: latch-1 prio_ver-1, prio- 0, ref_cnt-1, data_ver-1
[thd-1 txn-5] row 0x7f3436c62840 TID is locked. retry. 
              TID: latch-1 prio_ver-1, prio- 0, ref_cnt-1, data_ver-1
[thd-1 txn-5] row 0x7f3436c62840 TID is locked. retry. 
              TID: latch-1 prio_ver-1, prio- 0, ref_cnt-1, data_ver-1
[thd-1 txn-5] row 0x7f3436c62840 TID is locked. retry. 
              TID: latch-1 prio_ver-1, prio- 0, ref_cnt-1, data_ver-1
[thd-1 txn-5] row 0x7f3436c62840 TID is locked. retry. 
              TID: latch-1 prio_ver-1, prio- 0, ref_cnt-1, data_ver-1
[thd-1 txn-5] row 0x7f3436c62840 TID is locked. retry. 
              TID: latch-1 prio_ver-1, prio- 0, ref_cnt-1, data_ver-1
[thd-1 txn-5] row 0x7f3436c62840 TID is locked. retry. 
              TID: latch-1 prio_ver-1, prio- 0, ref_cnt-1, data_ver-1
[thd-1 txn-5] row 0x7f3436c62840 TID is locked. retry. 
              TID: latch-1 prio_ver-1, prio- 0, ref_cnt-1, data_ver-1
[thd-1 txn-5] row 0x7f3436c62840 TID is locked. retry. 
              TID: latch-1 prio_ver-1, prio- 0, ref_cnt-1, data_ver-1
[thd-1 txn-5] row 0x7f3436c62840 TID is locked. retry. 
              TID: latch-1 prio_ver-1, prio- 0, ref_cnt-1, data_ver-1
[thd-1 txn-5] row 0x7f3436c62840 TID is locked. retry. 
              TID: latch-1 prio_ver-1, prio- 0, ref_cnt-1, data_ver-1
[thd-1 txn-5] row 0x7f3436c62840 TID is locked. retry. 
              TID: latch-1 prio_ver-1, prio- 0, ref_cnt-1, data_ver-1
[thd-1 txn-5] row 0x7f3436c62840 TID is locked. retry. 
              TID: latch-1 prio_ver-1, prio- 0, ref_cnt-1, data_ver-1
[thd-1 txn-5] row 0x7f3436c62840 TID is locked. retry. 
              TID: latch-1 prio_ver-1, prio- 0, ref_cnt-1, data_ver-1
[thd-1 txn-5] row 0x7f3436c62840 TID is locked. retry. 
              TID: latch-1 prio_ver-1, prio- 0, ref_cnt-1, data_ver-1
[thd-1 txn-5] row 0x7f3436c62840 TID is locked. retry. 
              TID: latch-1 prio_ver-1, prio- 0, ref_cnt-1, data_ver-1
[thd-1 txn-5] row 0x7f3436c62840 TID is locked. retry. 
              TID: latch-1 prio_ver-1, prio- 0, ref_cnt-1, data_ver-1
[thd-1 txn-5] row 0x7f3436c62840 TID is locked. retry. 
              TID: latch-1 prio_ver-1, prio- 0, ref_cnt-1, data_ver-1
[thd-1 txn-5] row 0x7f3436c62840 TID is locked. retry. 
              TID: latch-1 prio_ver-1, prio- 0, ref_cnt-1, data_ver-1
[thd-1 txn-5] row 0x7f3436c62840 TID is locked. retry. 
              TID: latch-1 prio_ver-1, prio- 0, ref_cnt-1, data_ver-1
[thd-1 txn-5] row 0x7f3436c62840 TID is locked. retry. 
              TID: latch-1 prio_ver-1, prio- 0, ref_cnt-1, data_ver-1
[thd-1 txn-5] row 0x7f3436c62840 TID is locked. retry. 
              TID: latch-1 prio_ver-1, prio- 0, ref_cnt-1, data_ver-1
[thd-1 txn-5] row 0x7f3436c62840 TID is locked. retry. 
              TID: latch-1 prio_ver-1, prio- 0, ref_cnt-1, data_ver-1
[thd-1 txn-5] row 0x7f3436c62840 TID is locked. retry. 
              TID: latch-1 prio_ver-1, prio- 0, ref_cnt-1, data_ver-1
[thd-1 txn-5] row 0x7f3436c62840 TID is locked. retry. 
              TID: latch-1 prio_ver-1, prio- 0, ref_cnt-1, data_ver-1
[thd-1 txn-5] row 0x7f3436c62840 TID is locked. retry. 
              TID: latch-1 prio_ver-1, prio- 0, ref_cnt-1, data_ver-1
[thd-1 txn-5] row 0x7f3436c62840 TID is locked. retry. 
              TID: latch-1 prio_ver-1, prio- 0, ref_cnt-1, data_ver-1
[thd-1 txn-5] row 0x7f3436c62840 TID is locked. retry. 
              TID: latch-1 prio_ver-1, prio- 0, ref_cnt-1, data_ver-1
[thd-1 txn-5] row 0x7f3436c62840 TID is locked. retry. 
              TID: latch-1 prio_ver-1, prio- 0, ref_cnt-1, data_ver-1
[thd-1 txn-5] row 0x7f3436c62840 TID is locked. retry. 
              TID: latch-1 prio_ver-1, prio- 0, ref_cnt-1, data_ver-1
[thd-1 txn-5] row 0x7f3436c62840 TID is locked. retry. 
              TID: latch-1 prio_ver-1, prio- 0, ref_cnt-1, data_ver-1
[thd-1 txn-5] row 0x7f3436c62840 TID is locked. retry. 
              TID: latch-1 prio_ver-1, prio- 0, ref_cnt-1, data_ver-1
[thd-1 txn-5] row 0x7f3436c62840 TID is locked. retry. 
              TID: latch-1 prio_ver-1, prio- 0, ref_cnt-1, data_ver-1
[thd-1 txn-5] row 0x7f3436c62840 TID is locked. retry. 
              TID: latch-1 prio_ver-1, prio- 0, ref_cnt-1, data_ver-1
[thd-1 txn-5] row 0x7f3436c62840 TID is locked. retry. 
              TID: latch-1 prio_ver-1, prio- 0, ref_cnt-1, data_ver-1
[thd-1 txn-5] row 0x7f3436c62840 TID is locked. retry. 
              TID: latch-1 prio_ver-1, prio- 0, ref_cnt-1, data_ver-1
[thd-1 txn-5] row 0x7f3436c62840 TID is locked. retry. 
              TID: latch-1 prio_ver-1, prio- 0, ref_cnt-1, data_ver-1
[thd-1 txn-5] row 0x7f3436c62840 TID is locked. retry. 
              TID: latch-1 prio_ver-1, prio- 0, ref_cnt-1, data_ver-1
[thd-1 txn-5] row 0x7f3436c62840 TID is locked. retry. 
              TID: latch-1 prio_ver-1, prio- 0, ref_cnt-1, data_ver-1
[thd-1 txn-5] row 0x7f3436c62840 TID is locked. retry. 
              TID: latch-1 prio_ver-1, prio- 0, ref_cnt-1, data_ver-1
[thd-1 txn-5] row 0x7f3436c62840 TID is locked. retry. 
              TID: latch-1 prio_ver-1, prio- 0, ref_cnt-1, data_ver-1
[thd-1 txn-5] row 0x7f3436c62840 TID is locked. retry. 
              TID: latch-1 prio_ver-1, prio- 0, ref_cnt-1, data_ver-1
[thd-1 txn-5] row 0x7f3436c62840 TID is locked. retry. 
              TID: latch-1 prio_ver-1, prio- 0, ref_cnt-1, data_ver-1
[thd-1 txn-5] row 0x7f3436c62840 TID is locked. retry. 
              TID: latch-1 prio_ver-1, prio- 0, ref_cnt-1, data_ver-1
[thd-1 txn-5] row 0x7f3436c62840 TID is locked. retry. 
              TID: latch-1 prio_ver-1, prio- 0, ref_cnt-1, data_ver-1
[thd-1 txn-5] row 0x7f3436c62840 TID is locked. retry. 
              TID: latch-1 prio_ver-1, prio- 0, ref_cnt-1, data_ver-1
[thd-1 txn-5] row 0x7f3436c62840 TID is locked. retry. 
              TID: latch-1 prio_ver-1, prio- 0, ref_cnt-1, data_ver-1
[thd-1 txn-5] row 0x7f3436c62840 TID is locked. retry. 
              TID: latch-1 prio_ver-1, prio- 0, ref_cnt-1, data_ver-1
[thd-1 txn-5] row 0x7f3436c62840 TID is locked. retry. 
              TID: latch-1 prio_ver-1, prio- 0, ref_cnt-1, data_ver-1
[thd-1 txn-5] row 0x7f3436c62840 TID is locked. retry. 
              TID: latch-1 prio_ver-1, prio- 0, ref_cnt-1, data_ver-1
[thd-1 txn-5] row 0x7f3436c62840 TID is locked. retry. 
              TID: latch-1 prio_ver-1, prio- 0, ref_cnt-1, data_ver-1
[thd-1 txn-5] row 0x7f3436c62840 TID is locked. retry. 
              TID: latch-1 prio_ver-1, prio- 0, ref_cnt-1, data_ver-1
[thd-1 txn-5] row 0x7f3436c62840 TID is locked. retry. 
              TID: latch-1 prio_ver-1, prio- 0, ref_cnt-1, data_ver-1
[thd-1 txn-5] row 0x7f3436c62840 TID is locked. retry. 
              TID: latch-1 prio_ver-1, prio- 0, ref_cnt-1, data_ver-1
[thd-1 txn-5] row 0x7f3436c62840 TID is locked. retry. 
              TID: latch-1 prio_ver-1, prio- 0, ref_cnt-1, data_ver-1
[thd-1 txn-5] row 0x7f3436c62840 TID is locked. retry. 
              TID: latch-1 prio_ver-1, prio- 0, ref_cnt-1, data_ver-1
[thd-1 txn-5] row 0x7f3436c62840 TID is locked. retry. 
              TID: latch-1 prio_ver-1, prio- 0, ref_cnt-1, data_ver-1
[thd-1 txn-5] row 0x7f3436c62840 TID is locked. retry. 
              TID: latch-1 prio_ver-1, prio- 0, ref_cnt-1, data_ver-1
[thd-1 txn-5] row 0x7f3436c62840 TID is locked. retry. 
              TID: latch-1 prio_ver-1, prio- 0, ref_cnt-1, data_ver-1
[thd-1 txn-5] row 0x7f3436c62840 TID is locked. retry. 
              TID: latch-1 prio_ver-1, prio- 0, ref_cnt-1, data_ver-1
[thd-1 txn-5] row 0x7f3436c62840 TID is locked. retry. 
              TID: latch-1 prio_ver-1, prio- 0, ref_cnt-1, data_ver-1
[thd-1 txn-5] row 0x7f3436c62840 TID is locked. retry. 
              TID: latch-1 prio_ver-1, prio- 0, ref_cnt-1, data_ver-1
[thd-1 txn-5] row 0x7f3436c62840 TID is locked. retry. 
              TID: latch-1 prio_ver-1, prio- 0, ref_cnt-1, data_ver-1
[thd-1 txn-5] row 0x7f3436c62840 TID is locked. retry. 
              TID: latch-1 prio_ver-1, prio- 0, ref_cnt-1, data_ver-1
[thd-1 txn-5] row 0x7f3436c62840 TID is locked. retry. 
              TID: latch-1 prio_ver-1, prio- 0, ref_cnt-1, data_ver-1
[thd-1 txn-5] row 0x7f3436c62840 TID is locked. retry. 
              TID: latch-1 prio_ver-1, prio- 0, ref_cnt-1, data_ver-1
[thd-1 txn-5] row 0x7f3436c62840 TID is locked. retry. 
              TID: latch-1 prio_ver-1, prio- 0, ref_cnt-1, data_ver-1
[thd-1 txn-5] row 0x7f3436c62840 TID is locked. retry. 
              TID: latch-1 prio_ver-1, prio- 0, ref_cnt-1, data_ver-1
[thd-1 txn-5] row 0x7f3436c62840 TID is locked. retry. 
              TID: latch-1 prio_ver-1, prio- 0, ref_cnt-1, data_ver-1
[thd-1 txn-5] row 0x7f3436c62840 TID is locked. retry. 
              TID: latch-1 prio_ver-1, prio- 0, ref_cnt-1, data_ver-1
[thd-1 txn-5] row 0x7f3436c62840 TID is locked. retry. 
              TID: latch-1 prio_ver-1, prio- 0, ref_cnt-1, data_ver-1
[thd-1 txn-5] row 0x7f3436c62840 TID is locked. retry. 
              TID: latch-1 prio_ver-1, prio- 0, ref_cnt-1, data_ver-1
[thd-1 txn-5] row 0x7f3436c62840 TID is locked. retry. 
              TID: latch-1 prio_ver-1, prio- 0, ref_cnt-1, data_ver-1
[thd-1 txn-5] row 0x7f3436c62840 TID is locked. retry. 
              TID: latch-1 prio_ver-1, prio- 0, ref_cnt-1, data_ver-1
[thd-1 txn-5] row 0x7f3436c62840 TID is locked. retry. 
              TID: latch-1 prio_ver-1, prio- 0, ref_cnt-1, data_ver-1
[thd-1 txn-5] row 0x7f3436c62840 TID is locked. retry. 
              TID: latch-1 prio_ver-1, prio- 0, ref_cnt-1, data_ver-1
[thd-1 txn-5] row 0x7f3436c62840 TID is locked. retry. 
              TID: latch-1 prio_ver-1, prio- 0, ref_cnt-1, data_ver-1
[thd-1 txn-5] row 0x7f3436c62840 TID is locked. retry. 
              TID: latch-1 prio_ver-1, prio- 0, ref_cnt-1, data_ver-1
[thd-1 txn-5] row 0x7f3436c62840 TID is locked. retry. 
              TID: latch-1 prio_ver-1, prio- 0, ref_cnt-1, data_ver-1
[thd-1 txn-5] row 0x7f3436c62840 TID is locked. retry. 
              TID: latch-1 prio_ver-1, prio- 0, ref_cnt-1, data_ver-1
[thd-1 txn-5] row 0x7f3436c62840 TID is locked. retry. 
              TID: latch-1 prio_ver-1, prio- 0, ref_cnt-1, data_ver-1
[thd-1 txn-5] row 0x7f3436c62840 TID is locked. retry. 
              TID: latch-1 prio_ver-1, prio- 0, ref_cnt-1, data_ver-1
[thd-1 txn-5] row 0x7f3436c62840 TID is locked. retry. 
              TID: latch-1 prio_ver-1, prio- 0, ref_cnt-1, data_ver-1
[thd-1 txn-5] row 0x7f3436c62840 TID is locked. retry. 
              TID: latch-1 prio_ver-1, prio- 0, ref_cnt-1, data_ver-1
[thd-1 txn-5] row 0x7f3436c62840 TID is locked. retry. 
              TID: latch-1 prio_ver-1, prio- 0, ref_cnt-1, data_ver-1
[thd-1 txn-5] row 0x7f3436c62840 TID is locked. retry. 
              TID: latch-1 prio_ver-1, prio- 0, ref_cnt-1, data_ver-1
[thd-1 txn-5] row 0x7f3436c62840 TID is locked. retry. 
              TID: latch-1 prio_ver-1, prio- 0, ref_cnt-1, data_ver-1
[thd-1 txn-5] row 0x7f3436c62840 TID is locked. retry. 
              TID: latch-1 prio_ver-1, prio- 0, ref_cnt-1, data_ver-1
[thd-1 txn-5] row 0x7f3436c62840 TID is locked. retry. 
              TID: latch-1 prio_ver-1, prio- 0, ref_cnt-1, data_ver-1
[thd-1 txn-5] row 0x7f3436c62840 TID is locked. retry. 
              TID: latch-1 prio_ver-1, prio- 0, ref_cnt-1, data_ver-1
[thd-1 txn-5] row 0x7f3436c62840 TID is locked. retry. 
              TID: latch-1 prio_ver-1, prio- 0, ref_cnt-1, data_ver-1
[thd-1 txn-5] row 0x7f3436c62840 TID is locked. retry. 
              TID: latch-1 prio_ver-1, prio- 0, ref_cnt-1, data_ver-1
[thd-1 txn-5] row 0x7f3436c62840 TID is locked. retry. 
              TID: latch-1 prio_ver-1, prio- 0, ref_cnt-1, data_ver-1
[thd-1 txn-5] row 0x7f3436c62840 TID is locked. retry. 
              TID: latch-1 prio_ver-1, prio- 0, ref_cnt-1, data_ver-1
[thd-1 txn-5] row 0x7f3436c62840 TID is locked. retry. 
              TID: latch-1 prio_ver-1, prio- 0, ref_cnt-1, data_ver-1
[thd-1 txn-5] row 0x7f3436c62840 TID is locked. retry. 
              TID: latch-1 prio_ver-1, prio- 0, ref_cnt-1, data_ver-1
[thd-1 txn-5] row 0x7f3436c62840 TID is locked. retry. 
              TID: latch-1 prio_ver-1, prio- 0, ref_cnt-1, data_ver-1
[thd-1 txn-5] row 0x7f3436c62840 TID is locked. retry. 
              TID: latch-1 prio_ver-1, prio- 0, ref_cnt-1, data_ver-1
[thd-1 txn-5] row 0x7f3436c62840 TID is locked. retry. 
              TID: latch-1 prio_ver-1, prio- 0, ref_cnt-1, data_ver-1
[thd-1 txn-5] row 0x7f3436c62840 TID is locked. retry. 
              TID: latch-1 prio_ver-1, prio- 0, ref_cnt-1, data_ver-1
[thd-1 txn-5] row 0x7f3436c62840 TID is locked. retry. 
              TID: latch-1 prio_ver-1, prio- 0, ref_cnt-1, data_ver-1
[thd-1 txn-5] row 0x7f3436c62840 TID is locked. retry. 
              TID: latch-1 prio_ver-1, prio- 0, ref_cnt-1, data_ver-1
[thd-1 txn-5] row 0x7f3436c62840 TID is locked. retry. 
              TID: latch-1 prio_ver-1, prio- 0, ref_cnt-1, data_ver-1
[thd-1 txn-5] row 0x7f3436c62840 TID is locked. retry. 
              TID: latch-1 prio_ver-1, prio- 0, ref_cnt-1, data_ver-1
[thd-1 txn-5] row 0x7f3436c62840 TID is locked. retry. 
              TID: latch-1 prio_ver-1, prio- 0, ref_cnt-1, data_ver-1
[thd-1 txn-5] row 0x7f3436c62840 TID is locked. retry. 
              TID: latch-1 prio_ver-1, prio- 0, ref_cnt-1, data_ver-1
[thd-1 txn-5] row 0x7f3436c62840 TID is locked. retry. 
              TID: latch-1 prio_ver-1, prio- 0, ref_cnt-1, data_ver-1
[thd-1 txn-5] row 0x7f3436c62840 TID is locked. retry. 
              TID: latch-1 prio_ver-1, prio- 0, ref_cnt-1, data_ver-1
[thd-1 txn-5] row 0x7f3436c62840 TID is locked. retry. 
              TID: latch-1 prio_ver-1, prio- 0, ref_cnt-1, data_ver-1
[thd-1 txn-5] row 0x7f3436c62840 TID is locked. retry. 
              TID: latch-1 prio_ver-1, prio- 0, ref_cnt-1, data_ver-1
[thd-1 txn-5] row 0x7f3436c62840 TID is locked. retry. 
              TID: latch-1 prio_ver-1, prio- 0, ref_cnt-1, data_ver-1
[thd-1 txn-5] row 0x7f3436c62840 TID is locked. retry. 
              TID: latch-1 prio_ver-1, prio- 0, ref_cnt-1, data_ver-1
[thd-1 txn-5] row 0x7f3436c62840 TID is locked. retry. 
              TID: latch-1 prio_ver-1, prio- 0, ref_cnt-1, data_ver-1
[thd-1 txn-5] row 0x7f3436c62840 TID is locked. retry. 
              TID: latch-1 prio_ver-1, prio- 0, ref_cnt-1, data_ver-1
[thd-1 txn-5] row 0x7f3436c62840 TID is locked. retry. 
              TID: latch-1 prio_ver-1, prio- 0, ref_cnt-1, data_ver-1
[thd-1 txn-5] row 0x7f3436c62840 TID is locked. retry. 
              TID: latch-1 prio_ver-1, prio- 0, ref_cnt-1, data_ver-1
[thd-1 txn-5] row 0x7f3436c62840 TID is locked. retry. 
              TID: latch-1 prio_ver-1, prio- 0, ref_cnt-1, data_ver-1
[thd-1 txn-5] row 0x7f3436c62840 TID is locked. retry. 
              TID: latch-1 prio_ver-1, prio- 0, ref_cnt-1, data_ver-1
[thd-1 txn-5] row 0x7f3436c62840 TID is locked. retry. 
              TID: latch-1 prio_ver-1, prio- 0, ref_cnt-1, data_ver-1
[thd-1 txn-5] row 0x7f3436c62840 TID is locked. retry. 
              TID: latch-1 prio_ver-1, prio- 0, ref_cnt-1, data_ver-1
[thd-1 txn-5] row 0x7f3436c62840 TID is locked. retry. 
              TID: latch-1 prio_ver-1, prio- 0, ref_cnt-1, data_ver-1
[thd-1 txn-5] row 0x7f3436c62840 TID is locked. retry. 
              TID: latch-1 prio_ver-1, prio- 0, ref_cnt-1, data_ver-1
[thd-1 txn-5] row 0x7f3436c62840 TID is locked. retry. 
              TID: latch-1 prio_ver-1, prio- 0, ref_cnt-1, data_ver-1
[thd-1 txn-5] row 0x7f3436c62840 TID is locked. retry. 
              TID: latch-1 prio_ver-1, prio- 0, ref_cnt-1, data_ver-1
[thd-1 txn-5] row 0x7f3436c62840 TID is locked. retry. 
              TID: latch-1 prio_ver-1, prio- 0, ref_cnt-1, data_ver-1
[thd-1 txn-5] row 0x7f3436c62840 TID is locked. retry. 
              TID: latch-1 prio_ver-1, prio- 0, ref_cnt-1, data_ver-1
[thd-1 txn-5] row 0x7f3436c62840 TID is locked. retry. 
              TID: latch-1 prio_ver-1, prio- 0, ref_cnt-1, data_ver-1
[thd-1 txn-5] row 0x7f3436c62840 TID is locked. retry. 
              TID: latch-1 prio_ver-1, prio- 0, ref_cnt-1, data_ver-1
[thd-1 txn-5] row 0x7f3436c62840 TID is locked. retry. 
              TID: latch-1 prio_ver-1, prio- 0, ref_cnt-1, data_ver-1
[thd-1 txn-5] row 0x7f3436c62840 TID is locked. retry. 
              TID: latch-1 prio_ver-1, prio- 0, ref_cnt-1, data_ver-1
[thd-1 txn-5] row 0x7f3436c62840 TID is locked. retry. 
              TID: latch-1 prio_ver-1, prio- 0, ref_cnt-1, data_ver-1
[thd-1 txn-5] row 0x7f3436c62840 TID is locked. retry. 
              TID: latch-1 prio_ver-1, prio- 0, ref_cnt-1, data_ver-1
[thd-1 txn-5] row 0x7f3436c62840 TID is locked. retry. 
              TID: latch-1 prio_ver-1, prio- 0, ref_cnt-1, data_ver-1
[thd-1 txn-5] row 0x7f3436c62840 TID is locked. retry. 
              TID: latch-1 prio_ver-1, prio- 0, ref_cnt-1, data_ver-1
[thd-2 txn-10] row 0x7f3436c62840 TID is locked. retry. 
              TID: latch-1 prio_ver-1, prio- 0, ref_cnt-1, data_ver-1
[thd-2 txn-10] row 0x7f3436c62840 TID is locked. retry. 
              TID: latch-1 prio_ver-1, prio- 0, ref_cnt-1, data_ver-1
[thd-2 txn-10] row 0x7f3436c62840 TID is locked. retry. 
              TID: latch-1 prio_ver-1, prio- 0, ref_cnt-1, data_ver-1
[thd-2 txn-10] row 0x7f3436c62840 TID is locked. retry. 
              TID: latch-1 prio_ver-1, prio- 0, ref_cnt-1, data_ver-1
[thd-2 txn-10] row 0x7f3436c62840 TID is locked. retry. 
              TID: latch-1 prio_ver-1, prio- 0, ref_cnt-1, data_ver-1
[thd-2 txn-10] row 0x7f3436c62840 TID is locked. retry. 
              TID: latch-1 prio_ver-1, prio- 0, ref_cnt-1, data_ver-1
[thd-2 txn-10] row 0x7f3436c62840 TID is locked. retry. 
              TID: latch-1 prio_ver-1, prio- 0, ref_cnt-1, data_ver-1
[thd-2 txn-10] row 0x7f3436c62840 TID is locked. retry. 
              TID: latch-1 prio_ver-1, prio- 0, ref_cnt-1, data_ver-1
[thd-2 txn-10] row 0x7f3436c62840 TID is locked. retry. 
              TID: latch-1 prio_ver-1, prio- 0, ref_cnt-1, data_ver-1
[thd-2 txn-10] row 0x7f3436c62840 TID is locked. retry. 
              TID: latch-1 prio_ver-1, prio- 0, ref_cnt-1, data_ver-1
[thd-2 txn-10] row 0x7f3436c62840 TID is locked. retry. 
              TID: latch-1 prio_ver-1, prio- 0, ref_cnt-1, data_ver-1
[thd-2 txn-10] row 0x7f3436c62840 TID is locked. retry. 
              TID: latch-1 prio_ver-1, prio- 0, ref_cnt-1, data_ver-1
[thd-2 txn-10] row 0x7f3436c62840 TID is locked. retry. 
              TID: latch-1 prio_ver-1, prio- 0, ref_cnt-1, data_ver-1
[thd-2 txn-10] row 0x7f3436c62840 TID is locked. retry. 
              TID: latch-1 prio_ver-1, prio- 0, ref_cnt-1, data_ver-1
[thd-2 txn-10] row 0x7f3436c62840 TID is locked. retry. 
              TID: latch-1 prio_ver-1, prio- 0, ref_cnt-1, data_ver-1
[thd-2 txn-10] row 0x7f3436c62840 TID is locked. retry. 
              TID: latch-1 prio_ver-1, prio- 0, ref_cnt-1, data_ver-1
[thd-2 txn-10] row 0x7f3436c62840 TID is locked. retry. 
              TID: latch-1 prio_ver-1, prio- 0, ref_cnt-1, data_ver-1
[thd-2 txn-10] row 0x7f3436c62840 TID is locked. retry. 
              TID: latch-1 prio_ver-1, prio- 0, ref_cnt-1, data_ver-1
[thd-2 txn-10] row 0x7f3436c62840 TID is locked. retry. 
              TID: latch-1 prio_ver-1, prio- 0, ref_cnt-1, data_ver-1
[thd-2 txn-10] row 0x7f3436c62840 TID is locked. retry. 
              TID: latch-1 prio_ver-1, prio- 0, ref_cnt-1, data_ver-1
[thd-2 txn-10] row 0x7f3436c62840 TID is locked. retry. 
              TID: latch-1 prio_ver-1, prio- 0, ref_cnt-1, data_ver-1
[thd-2 txn-10] row 0x7f3436c62840 TID is locked. retry. 
              TID: latch-1 prio_ver-1, prio- 0, ref_cnt-1, data_ver-1
[thd-2 txn-10] row 0x7f3436c62840 TID is locked. retry. 
              TID: latch-1 prio_ver-1, prio- 0, ref_cnt-1, data_ver-1
[thd-2 txn-10] row 0x7f3436c62840 TID is locked. retry. 
              TID: latch-1 prio_ver-1, prio- 0, ref_cnt-1, data_ver-1
[thd-1 txn-5] row 0x7f3436c62840 TID is locked. retry. 
              TID: latch-1 prio_ver-1, prio- 0, ref_cnt-1, data_ver-1
[thd-3 txn-7]   locked 0x7f3412b2b200 
[thd-3 txn-7]   locked 0x7f33cc67f7c0 
[thd-3 txn-7] unlocked 0x7f3436c62840 because committed. 
              TID: latch-0 prio_ver-2, prio- 0, ref_cnt-0, data_ver-2
              TID: latch-0 prio_ver-2, prio- 0, ref_cnt-0, data_ver-2
[thd-3 txn-7] unlocked 0x7f3436c6ad00 because committed. 
              TID: latch-0 prio_ver-2, prio- 0, ref_cnt-0, data_ver-2
              TID: latch-0 prio_ver-2, prio- 0, ref_cnt-0, data_ver-2
[thd-3 txn-7] unlocked 0x7f3436cde1c0 because committed. 